2018-04-09 10:44:36,948 [Worker-6] INFO  c.g.t.t.d.PublishedGradleVersions - Gradle version information cache is up-to-date. Trying to read.
2018-04-09 10:48:36,065 [Worker-7] INFO  c.g.t.t.d.PublishedGradleVersions - Gradle version information cache is up-to-date. Trying to read.
2018-04-09 10:52:14,397 [Worker-3] INFO  c.g.t.t.d.PublishedGradleVersions - Gradle version information cache is up-to-date. Trying to read.
2018-04-09 10:52:42,636 [ModalContext] INFO  o.e.m.c.i.e.AbstractTransferListenerAdapter - Downloading https://repo.maven.apache.org/maven2/org/apache/maven/archetypes/maven-archetype-quickstart/1.1/maven-archetype-quickstart-1.1.jar
2018-04-09 10:52:43,846 [ModalContext] INFO  o.e.m.c.i.e.AbstractTransferListenerAdapter - Downloaded https://repo.maven.apache.org/maven2/org/apache/maven/archetypes/maven-archetype-quickstart/1.1/maven-archetype-quickstart-1.1.jar
2018-04-09 10:52:44,056 [ModalContext] INFO  o.e.m.c.i.e.AbstractTransferListenerAdapter - Downloading https://repo.maven.apache.org/maven2/org/apache/maven/archetypes/maven-archetype-quickstart/1.1/maven-archetype-quickstart-1.1.pom
2018-04-09 10:52:44,538 [ModalContext] INFO  o.e.m.c.i.e.AbstractTransferListenerAdapter - Downloaded https://repo.maven.apache.org/maven2/org/apache/maven/archetypes/maven-archetype-quickstart/1.1/maven-archetype-quickstart-1.1.pom
2018-04-09 10:53:08,079 [Worker-15] INFO  o.e.m.c.i.p.ProjectConfigurationManager - Collecting project info '/pom.xml' D:\workspace\ljp_private\my_tomcat\my_tomcat\pom.xml
2018-04-09 10:53:09,035 [Worker-15] INFO  o.e.m.c.i.l.LifecycleMappingFactory - Using org.eclipse.m2e.jdt.JarLifecycleMapping lifecycle mapping for MavenProject: com.lijunpeng:my_tomcat:0.0.1-SNAPSHOT @ D:\workspace\ljp_private\my_tomcat\my_tomcat\pom.xml.
2018-04-09 10:53:09,452 [Worker-15] INFO  o.e.m.j.i.AbstractJavaProjectConfigurator - Adding source folder /my_tomcat/src/main/java
2018-04-09 10:53:09,455 [Worker-15] INFO  o.e.m.j.i.AbstractJavaProjectConfigurator - Adding source folder /my_tomcat/src/test/java
2018-04-09 10:53:09,955 [Worker-15] INFO  o.e.m.c.i.p.ProjectConfigurationManager - Imported and configured 1 project(s) in 1 sec
2018-04-09 10:53:10,368 [Worker-16] INFO  o.e.m.c.i.embedder.EclipseLogger - Using 'UTF-8' encoding to copy filtered resources.
2018-04-09 10:53:10,369 [Worker-16] INFO  o.e.m.c.i.embedder.EclipseLogger - skip non existing resourceDirectory D:\workspace\ljp_private\my_tomcat\my_tomcat\src\main\resources
2018-04-09 10:53:10,371 [Worker-16] INFO  o.e.m.c.i.embedder.EclipseLogger - Using 'UTF-8' encoding to copy filtered resources.
2018-04-09 10:53:10,371 [Worker-16] INFO  o.e.m.c.i.embedder.EclipseLogger - skip non existing resourceDirectory D:\workspace\ljp_private\my_tomcat\my_tomcat\src\test\resources
2018-04-09 10:55:43,566 [Worker-17] INFO  o.e.m.c.i.l.LifecycleMappingFactory - Using org.eclipse.m2e.jdt.JarLifecycleMapping lifecycle mapping for MavenProject: com.lijunpeng:my_tomcat:0.0.1-SNAPSHOT @ D:\workspace\ljp_private\my_tomcat\my_tomcat\pom.xml.
2018-04-09 10:55:43,747 [Worker-17] INFO  o.e.m.c.i.embedder.EclipseLogger - Using 'UTF-8' encoding to copy filtered resources.
2018-04-09 10:55:43,748 [Worker-17] INFO  o.e.m.c.i.embedder.EclipseLogger - skip non existing resourceDirectory D:\workspace\ljp_private\my_tomcat\my_tomcat\src\main\resources
2018-04-09 10:55:43,750 [Worker-17] INFO  o.e.m.c.i.embedder.EclipseLogger - Using 'UTF-8' encoding to copy filtered resources.
2018-04-09 10:55:43,750 [Worker-17] INFO  o.e.m.c.i.embedder.EclipseLogger - skip non existing resourceDirectory D:\workspace\ljp_private\my_tomcat\my_tomcat\src\test\resources
2018-04-09 10:55:56,686 [Worker-11] INFO  o.e.m.c.i.l.LifecycleMappingFactory - Using org.eclipse.m2e.jdt.JarLifecycleMapping lifecycle mapping for MavenProject: com.lijunpeng:my_tomcat:0.0.1-SNAPSHOT @ D:\workspace\ljp_private\my_tomcat\my_tomcat\pom.xml.
2018-04-09 10:55:56,760 [Worker-11] INFO  o.e.m.c.i.embedder.EclipseLogger - Using 'UTF-8' encoding to copy filtered resources.
2018-04-09 10:55:56,760 [Worker-11] INFO  o.e.m.c.i.embedder.EclipseLogger - skip non existing resourceDirectory D:\workspace\ljp_private\my_tomcat\my_tomcat\src\main\resources
2018-04-09 10:55:56,762 [Worker-11] INFO  o.e.m.c.i.embedder.EclipseLogger - Using 'UTF-8' encoding to copy filtered resources.
2018-04-09 10:55:56,762 [Worker-11] INFO  o.e.m.c.i.embedder.EclipseLogger - skip non existing resourceDirectory D:\workspace\ljp_private\my_tomcat\my_tomcat\src\test\resources
2018-04-09 10:56:43,633 [Worker-2] INFO  o.e.m.c.i.embedder.EclipseLogger - Using 'UTF-8' encoding to copy filtered resources.
2018-04-09 10:56:43,633 [Worker-2] INFO  o.e.m.c.i.embedder.EclipseLogger - skip non existing resourceDirectory D:\workspace\ljp_private\my_tomcat\my_tomcat\src\main\resources
2018-04-09 10:56:43,634 [Worker-2] INFO  o.e.m.c.i.embedder.EclipseLogger - Using 'UTF-8' encoding to copy filtered resources.
2018-04-09 10:56:43,634 [Worker-2] INFO  o.e.m.c.i.embedder.EclipseLogger - skip non existing resourceDirectory D:\workspace\ljp_private\my_tomcat\my_tomcat\src\test\resources
2018-04-09 10:56:54,465 [Worker-1] INFO  o.e.m.c.i.embedder.EclipseLogger - Using 'UTF-8' encoding to copy filtered resources.
2018-04-09 10:56:54,466 [Worker-1] INFO  o.e.m.c.i.embedder.EclipseLogger - skip non existing resourceDirectory D:\workspace\ljp_private\my_tomcat\my_tomcat\src\main\resources
2018-04-09 10:56:54,469 [Worker-1] INFO  o.e.m.c.i.embedder.EclipseLogger - Using 'UTF-8' encoding to copy filtered resources.
2018-04-09 10:56:54,469 [Worker-1] INFO  o.e.m.c.i.embedder.EclipseLogger - skip non existing resourceDirectory D:\workspace\ljp_private\my_tomcat\my_tomcat\src\test\resources
2018-04-09 10:57:02,823 [Worker-11] INFO  o.e.m.c.i.embedder.EclipseLogger - Using 'UTF-8' encoding to copy filtered resources.
2018-04-09 10:57:02,823 [Worker-11] INFO  o.e.m.c.i.embedder.EclipseLogger - skip non existing resourceDirectory D:\workspace\ljp_private\my_tomcat\my_tomcat\src\main\resources
2018-04-09 10:57:02,825 [Worker-11] INFO  o.e.m.c.i.embedder.EclipseLogger - Using 'UTF-8' encoding to copy filtered resources.
2018-04-09 10:57:02,825 [Worker-11] INFO  o.e.m.c.i.embedder.EclipseLogger - skip non existing resourceDirectory D:\workspace\ljp_private\my_tomcat\my_tomcat\src\test\resources
2018-04-09 10:57:06,102 [Worker-14] INFO  o.e.m.c.i.embedder.EclipseLogger - Using 'UTF-8' encoding to copy filtered resources.
2018-04-09 10:57:06,102 [Worker-14] INFO  o.e.m.c.i.embedder.EclipseLogger - skip non existing resourceDirectory D:\workspace\ljp_private\my_tomcat\my_tomcat\src\main\resources
2018-04-09 10:57:06,103 [Worker-14] INFO  o.e.m.c.i.embedder.EclipseLogger - Using 'UTF-8' encoding to copy filtered resources.
2018-04-09 10:57:06,103 [Worker-14] INFO  o.e.m.c.i.embedder.EclipseLogger - skip non existing resourceDirectory D:\workspace\ljp_private\my_tomcat\my_tomcat\src\test\resources
2018-04-09 10:58:46,515 [Worker-8] INFO  o.e.m.c.i.embedder.EclipseLogger - Using 'UTF-8' encoding to copy filtered resources.
2018-04-09 10:58:46,515 [Worker-8] INFO  o.e.m.c.i.embedder.EclipseLogger - skip non existing resourceDirectory D:\workspace\ljp_private\my_tomcat\my_tomcat\src\main\resources
2018-04-09 10:58:46,516 [Worker-8] INFO  o.e.m.c.i.embedder.EclipseLogger - Using 'UTF-8' encoding to copy filtered resources.
2018-04-09 10:58:46,516 [Worker-8] INFO  o.e.m.c.i.embedder.EclipseLogger - skip non existing resourceDirectory D:\workspace\ljp_private\my_tomcat\my_tomcat\src\test\resources
2018-04-09 10:58:48,612 [Worker-5] INFO  o.e.m.c.i.embedder.EclipseLogger - Using 'UTF-8' encoding to copy filtered resources.
2018-04-09 10:58:48,612 [Worker-5] INFO  o.e.m.c.i.embedder.EclipseLogger - skip non existing resourceDirectory D:\workspace\ljp_private\my_tomcat\my_tomcat\src\main\resources
2018-04-09 10:58:48,616 [Worker-5] INFO  o.e.m.c.i.embedder.EclipseLogger - Using 'UTF-8' encoding to copy filtered resources.
2018-04-09 10:58:48,617 [Worker-5] INFO  o.e.m.c.i.embedder.EclipseLogger - skip non existing resourceDirectory D:\workspace\ljp_private\my_tomcat\my_tomcat\src\test\resources
2018-04-09 10:58:51,728 [Worker-13] INFO  o.e.m.c.i.embedder.EclipseLogger - Using 'UTF-8' encoding to copy filtered resources.
2018-04-09 10:58:51,729 [Worker-13] INFO  o.e.m.c.i.embedder.EclipseLogger - skip non existing resourceDirectory D:\workspace\ljp_private\my_tomcat\my_tomcat\src\main\resources
2018-04-09 10:58:51,731 [Worker-13] INFO  o.e.m.c.i.embedder.EclipseLogger - Using 'UTF-8' encoding to copy filtered resources.
2018-04-09 10:58:51,731 [Worker-13] INFO  o.e.m.c.i.embedder.EclipseLogger - skip non existing resourceDirectory D:\workspace\ljp_private\my_tomcat\my_tomcat\src\test\resources
2018-04-09 11:00:27,574 [Worker-16] INFO  o.e.m.c.i.embedder.EclipseLogger - Using 'UTF-8' encoding to copy filtered resources.
2018-04-09 11:00:27,574 [Worker-16] INFO  o.e.m.c.i.embedder.EclipseLogger - skip non existing resourceDirectory D:\workspace\ljp_private\my_tomcat\my_tomcat\src\main\resources
2018-04-09 11:00:27,575 [Worker-16] INFO  o.e.m.c.i.embedder.EclipseLogger - Using 'UTF-8' encoding to copy filtered resources.
2018-04-09 11:00:27,575 [Worker-16] INFO  o.e.m.c.i.embedder.EclipseLogger - skip non existing resourceDirectory D:\workspace\ljp_private\my_tomcat\my_tomcat\src\test\resources
2018-04-09 11:01:24,748 [Worker-16] INFO  o.e.m.c.i.embedder.EclipseLogger - Using 'UTF-8' encoding to copy filtered resources.
2018-04-09 11:01:24,748 [Worker-16] INFO  o.e.m.c.i.embedder.EclipseLogger - skip non existing resourceDirectory D:\workspace\ljp_private\my_tomcat\my_tomcat\src\main\resources
2018-04-09 11:01:24,749 [Worker-16] INFO  o.e.m.c.i.embedder.EclipseLogger - Using 'UTF-8' encoding to copy filtered resources.
2018-04-09 11:01:24,749 [Worker-16] INFO  o.e.m.c.i.embedder.EclipseLogger - skip non existing resourceDirectory D:\workspace\ljp_private\my_tomcat\my_tomcat\src\test\resources
2018-04-09 11:03:16,652 [Worker-8] INFO  o.e.m.c.i.embedder.EclipseLogger - Using 'UTF-8' encoding to copy filtered resources.
2018-04-09 11:03:16,652 [Worker-8] INFO  o.e.m.c.i.embedder.EclipseLogger - skip non existing resourceDirectory D:\workspace\ljp_private\my_tomcat\my_tomcat\src\main\resources
2018-04-09 11:03:16,653 [Worker-8] INFO  o.e.m.c.i.embedder.EclipseLogger - Using 'UTF-8' encoding to copy filtered resources.
2018-04-09 11:03:16,653 [Worker-8] INFO  o.e.m.c.i.embedder.EclipseLogger - skip non existing resourceDirectory D:\workspace\ljp_private\my_tomcat\my_tomcat\src\test\resources
2018-04-09 11:04:02,479 [Worker-14] INFO  o.e.m.c.i.embedder.EclipseLogger - Using 'UTF-8' encoding to copy filtered resources.
2018-04-09 11:04:02,480 [Worker-14] INFO  o.e.m.c.i.embedder.EclipseLogger - skip non existing resourceDirectory D:\workspace\ljp_private\my_tomcat\my_tomcat\src\main\resources
2018-04-09 11:04:02,480 [Worker-14] INFO  o.e.m.c.i.embedder.EclipseLogger - Using 'UTF-8' encoding to copy filtered resources.
2018-04-09 11:04:02,480 [Worker-14] INFO  o.e.m.c.i.embedder.EclipseLogger - skip non existing resourceDirectory D:\workspace\ljp_private\my_tomcat\my_tomcat\src\test\resources
2018-04-09 11:04:32,616 [Worker-7] INFO  o.e.m.c.i.embedder.EclipseLogger - Using 'UTF-8' encoding to copy filtered resources.
2018-04-09 11:04:32,616 [Worker-7] INFO  o.e.m.c.i.embedder.EclipseLogger - skip non existing resourceDirectory D:\workspace\ljp_private\my_tomcat\my_tomcat\src\main\resources
2018-04-09 11:04:32,617 [Worker-7] INFO  o.e.m.c.i.embedder.EclipseLogger - Using 'UTF-8' encoding to copy filtered resources.
2018-04-09 11:04:32,617 [Worker-7] INFO  o.e.m.c.i.embedder.EclipseLogger - skip non existing resourceDirectory D:\workspace\ljp_private\my_tomcat\my_tomcat\src\test\resources
2018-04-09 11:05:12,230 [Worker-16] INFO  o.e.m.c.i.embedder.EclipseLogger - Using 'UTF-8' encoding to copy filtered resources.
2018-04-09 11:05:12,230 [Worker-16] INFO  o.e.m.c.i.embedder.EclipseLogger - skip non existing resourceDirectory D:\workspace\ljp_private\my_tomcat\my_tomcat\src\main\resources
2018-04-09 11:05:12,231 [Worker-16] INFO  o.e.m.c.i.embedder.EclipseLogger - Using 'UTF-8' encoding to copy filtered resources.
2018-04-09 11:05:12,231 [Worker-16] INFO  o.e.m.c.i.embedder.EclipseLogger - skip non existing resourceDirectory D:\workspace\ljp_private\my_tomcat\my_tomcat\src\test\resources
2018-04-09 11:05:28,694 [Worker-13] INFO  o.e.m.c.i.embedder.EclipseLogger - Using 'UTF-8' encoding to copy filtered resources.
2018-04-09 11:05:28,694 [Worker-13] INFO  o.e.m.c.i.embedder.EclipseLogger - skip non existing resourceDirectory D:\workspace\ljp_private\my_tomcat\my_tomcat\src\main\resources
2018-04-09 11:05:28,695 [Worker-13] INFO  o.e.m.c.i.embedder.EclipseLogger - Using 'UTF-8' encoding to copy filtered resources.
2018-04-09 11:05:28,695 [Worker-13] INFO  o.e.m.c.i.embedder.EclipseLogger - skip non existing resourceDirectory D:\workspace\ljp_private\my_tomcat\my_tomcat\src\test\resources
2018-04-09 11:05:31,042 [Worker-5] INFO  o.e.m.c.i.embedder.EclipseLogger - Using 'UTF-8' encoding to copy filtered resources.
2018-04-09 11:05:31,042 [Worker-5] INFO  o.e.m.c.i.embedder.EclipseLogger - skip non existing resourceDirectory D:\workspace\ljp_private\my_tomcat\my_tomcat\src\main\resources
2018-04-09 11:05:31,043 [Worker-5] INFO  o.e.m.c.i.embedder.EclipseLogger - Using 'UTF-8' encoding to copy filtered resources.
2018-04-09 11:05:31,043 [Worker-5] INFO  o.e.m.c.i.embedder.EclipseLogger - skip non existing resourceDirectory D:\workspace\ljp_private\my_tomcat\my_tomcat\src\test\resources
2018-04-09 11:06:44,116 [Worker-16] INFO  o.e.m.c.i.embedder.EclipseLogger - Using 'UTF-8' encoding to copy filtered resources.
2018-04-09 11:06:44,116 [Worker-16] INFO  o.e.m.c.i.embedder.EclipseLogger - skip non existing resourceDirectory D:\workspace\ljp_private\my_tomcat\my_tomcat\src\main\resources
2018-04-09 11:06:44,116 [Worker-16] INFO  o.e.m.c.i.embedder.EclipseLogger - Using 'UTF-8' encoding to copy filtered resources.
2018-04-09 11:06:44,116 [Worker-16] INFO  o.e.m.c.i.embedder.EclipseLogger - skip non existing resourceDirectory D:\workspace\ljp_private\my_tomcat\my_tomcat\src\test\resources
2018-04-09 11:08:16,776 [Worker-4] INFO  o.e.m.c.i.embedder.EclipseLogger - Using 'UTF-8' encoding to copy filtered resources.
2018-04-09 11:08:16,777 [Worker-4] INFO  o.e.m.c.i.embedder.EclipseLogger - skip non existing resourceDirectory D:\workspace\ljp_private\my_tomcat\my_tomcat\src\main\resources
2018-04-09 11:08:16,777 [Worker-4] INFO  o.e.m.c.i.embedder.EclipseLogger - Using 'UTF-8' encoding to copy filtered resources.
2018-04-09 11:08:16,777 [Worker-4] INFO  o.e.m.c.i.embedder.EclipseLogger - skip non existing resourceDirectory D:\workspace\ljp_private\my_tomcat\my_tomcat\src\test\resources
2018-04-09 11:09:55,461 [Worker-4] INFO  o.e.m.c.i.embedder.EclipseLogger - Using 'UTF-8' encoding to copy filtered resources.
2018-04-09 11:09:55,461 [Worker-4] INFO  o.e.m.c.i.embedder.EclipseLogger - skip non existing resourceDirectory D:\workspace\ljp_private\my_tomcat\my_tomcat\src\main\resources
2018-04-09 11:09:55,462 [Worker-4] INFO  o.e.m.c.i.embedder.EclipseLogger - Using 'UTF-8' encoding to copy filtered resources.
2018-04-09 11:09:55,462 [Worker-4] INFO  o.e.m.c.i.embedder.EclipseLogger - skip non existing resourceDirectory D:\workspace\ljp_private\my_tomcat\my_tomcat\src\test\resources
2018-04-09 11:09:58,884 [Worker-4] INFO  o.e.m.c.i.embedder.EclipseLogger - Using 'UTF-8' encoding to copy filtered resources.
2018-04-09 11:09:58,885 [Worker-4] INFO  o.e.m.c.i.embedder.EclipseLogger - skip non existing resourceDirectory D:\workspace\ljp_private\my_tomcat\my_tomcat\src\main\resources
2018-04-09 11:09:58,886 [Worker-4] INFO  o.e.m.c.i.embedder.EclipseLogger - Using 'UTF-8' encoding to copy filtered resources.
2018-04-09 11:09:58,886 [Worker-4] INFO  o.e.m.c.i.embedder.EclipseLogger - skip non existing resourceDirectory D:\workspace\ljp_private\my_tomcat\my_tomcat\src\test\resources
2018-04-09 11:10:10,797 [Worker-2] INFO  o.e.m.c.i.embedder.EclipseLogger - Using 'UTF-8' encoding to copy filtered resources.
2018-04-09 11:10:10,798 [Worker-2] INFO  o.e.m.c.i.embedder.EclipseLogger - skip non existing resourceDirectory D:\workspace\ljp_private\my_tomcat\my_tomcat\src\main\resources
2018-04-09 11:10:10,799 [Worker-2] INFO  o.e.m.c.i.embedder.EclipseLogger - Using 'UTF-8' encoding to copy filtered resources.
2018-04-09 11:10:10,799 [Worker-2] INFO  o.e.m.c.i.embedder.EclipseLogger - skip non existing resourceDirectory D:\workspace\ljp_private\my_tomcat\my_tomcat\src\test\resources
2018-04-09 13:54:33,130 [Worker-66] INFO  o.e.m.c.i.embedder.EclipseLogger - Using 'UTF-8' encoding to copy filtered resources.
2018-04-09 13:54:33,130 [Worker-66] INFO  o.e.m.c.i.embedder.EclipseLogger - skip non existing resourceDirectory D:\workspace\ljp_private\my_tomcat\my_tomcat\src\main\resources
2018-04-09 13:54:33,131 [Worker-66] INFO  o.e.m.c.i.embedder.EclipseLogger - Using 'UTF-8' encoding to copy filtered resources.
2018-04-09 13:54:33,131 [Worker-66] INFO  o.e.m.c.i.embedder.EclipseLogger - skip non existing resourceDirectory D:\workspace\ljp_private\my_tomcat\my_tomcat\src\test\resources
2018-04-09 13:55:10,050 [Worker-69] INFO  o.e.m.c.i.embedder.EclipseLogger - Using 'UTF-8' encoding to copy filtered resources.
2018-04-09 13:55:10,050 [Worker-69] INFO  o.e.m.c.i.embedder.EclipseLogger - skip non existing resourceDirectory D:\workspace\ljp_private\my_tomcat\my_tomcat\src\main\resources
2018-04-09 13:55:10,051 [Worker-69] INFO  o.e.m.c.i.embedder.EclipseLogger - Using 'UTF-8' encoding to copy filtered resources.
2018-04-09 13:55:10,051 [Worker-69] INFO  o.e.m.c.i.embedder.EclipseLogger - skip non existing resourceDirectory D:\workspace\ljp_private\my_tomcat\my_tomcat\src\test\resources
2018-04-09 13:55:16,677 [Worker-69] INFO  o.e.m.c.i.embedder.EclipseLogger - Using 'UTF-8' encoding to copy filtered resources.
2018-04-09 13:55:16,677 [Worker-69] INFO  o.e.m.c.i.embedder.EclipseLogger - skip non existing resourceDirectory D:\workspace\ljp_private\my_tomcat\my_tomcat\src\main\resources
2018-04-09 13:55:16,678 [Worker-69] INFO  o.e.m.c.i.embedder.EclipseLogger - Using 'UTF-8' encoding to copy filtered resources.
2018-04-09 13:55:16,678 [Worker-69] INFO  o.e.m.c.i.embedder.EclipseLogger - skip non existing resourceDirectory D:\workspace\ljp_private\my_tomcat\my_tomcat\src\test\resources
2018-04-09 15:24:39,990 [Worker-96] INFO  o.e.m.c.i.embedder.EclipseLogger - Using 'UTF-8' encoding to copy filtered resources.
2018-04-09 15:24:39,991 [Worker-96] INFO  o.e.m.c.i.embedder.EclipseLogger - skip non existing resourceDirectory D:\workspace\ljp_private\my_tomcat\my_tomcat\src\main\resources
2018-04-09 15:24:39,991 [Worker-96] INFO  o.e.m.c.i.embedder.EclipseLogger - Using 'UTF-8' encoding to copy filtered resources.
2018-04-09 15:24:39,991 [Worker-96] INFO  o.e.m.c.i.embedder.EclipseLogger - skip non existing resourceDirectory D:\workspace\ljp_private\my_tomcat\my_tomcat\src\test\resources
2018-04-09 15:26:45,900 [Worker-102] INFO  o.e.m.c.i.embedder.EclipseLogger - Using 'UTF-8' encoding to copy filtered resources.
2018-04-09 15:26:45,900 [Worker-102] INFO  o.e.m.c.i.embedder.EclipseLogger - skip non existing resourceDirectory D:\workspace\ljp_private\my_tomcat\my_tomcat\src\main\resources
2018-04-09 15:26:45,901 [Worker-102] INFO  o.e.m.c.i.embedder.EclipseLogger - Using 'UTF-8' encoding to copy filtered resources.
2018-04-09 15:26:45,901 [Worker-102] INFO  o.e.m.c.i.embedder.EclipseLogger - skip non existing resourceDirectory D:\workspace\ljp_private\my_tomcat\my_tomcat\src\test\resources
2018-04-09 15:27:56,606 [Worker-96] INFO  o.e.m.c.i.embedder.EclipseLogger - Using 'UTF-8' encoding to copy filtered resources.
2018-04-09 15:27:56,607 [Worker-96] INFO  o.e.m.c.i.embedder.EclipseLogger - skip non existing resourceDirectory D:\workspace\ljp_private\my_tomcat\my_tomcat\src\main\resources
2018-04-09 15:27:56,608 [Worker-96] INFO  o.e.m.c.i.embedder.EclipseLogger - Using 'UTF-8' encoding to copy filtered resources.
2018-04-09 15:27:56,608 [Worker-96] INFO  o.e.m.c.i.embedder.EclipseLogger - skip non existing resourceDirectory D:\workspace\ljp_private\my_tomcat\my_tomcat\src\test\resources
2018-04-09 15:29:19,344 [Worker-103] INFO  o.e.m.c.i.embedder.EclipseLogger - Using 'UTF-8' encoding to copy filtered resources.
2018-04-09 15:29:19,344 [Worker-103] INFO  o.e.m.c.i.embedder.EclipseLogger - skip non existing resourceDirectory D:\workspace\ljp_private\my_tomcat\my_tomcat\src\main\resources
2018-04-09 15:29:19,344 [Worker-103] INFO  o.e.m.c.i.embedder.EclipseLogger - Using 'UTF-8' encoding to copy filtered resources.
2018-04-09 15:29:19,344 [Worker-103] INFO  o.e.m.c.i.embedder.EclipseLogger - skip non existing resourceDirectory D:\workspace\ljp_private\my_tomcat\my_tomcat\src\test\resources
2018-04-09 15:30:40,136 [Worker-96] INFO  o.e.m.c.i.embedder.EclipseLogger - Using 'UTF-8' encoding to copy filtered resources.
2018-04-09 15:30:40,136 [Worker-96] INFO  o.e.m.c.i.embedder.EclipseLogger - skip non existing resourceDirectory D:\workspace\ljp_private\my_tomcat\my_tomcat\src\main\resources
2018-04-09 15:30:40,137 [Worker-96] INFO  o.e.m.c.i.embedder.EclipseLogger - Using 'UTF-8' encoding to copy filtered resources.
2018-04-09 15:30:40,137 [Worker-96] INFO  o.e.m.c.i.embedder.EclipseLogger - skip non existing resourceDirectory D:\workspace\ljp_private\my_tomcat\my_tomcat\src\test\resources
2018-04-09 15:31:55,256 [Worker-96] INFO  o.e.m.c.i.embedder.EclipseLogger - Using 'UTF-8' encoding to copy filtered resources.
2018-04-09 15:31:55,256 [Worker-96] INFO  o.e.m.c.i.embedder.EclipseLogger - skip non existing resourceDirectory D:\workspace\ljp_private\my_tomcat\my_tomcat\src\main\resources
2018-04-09 15:31:55,257 [Worker-96] INFO  o.e.m.c.i.embedder.EclipseLogger - Using 'UTF-8' encoding to copy filtered resources.
2018-04-09 15:31:55,257 [Worker-96] INFO  o.e.m.c.i.embedder.EclipseLogger - skip non existing resourceDirectory D:\workspace\ljp_private\my_tomcat\my_tomcat\src\test\resources
2018-04-09 15:32:53,730 [Worker-103] INFO  o.e.m.c.i.embedder.EclipseLogger - Using 'UTF-8' encoding to copy filtered resources.
2018-04-09 15:32:53,731 [Worker-103] INFO  o.e.m.c.i.embedder.EclipseLogger - skip non existing resourceDirectory D:\workspace\ljp_private\my_tomcat\my_tomcat\src\main\resources
2018-04-09 15:32:53,731 [Worker-103] INFO  o.e.m.c.i.embedder.EclipseLogger - Using 'UTF-8' encoding to copy filtered resources.
2018-04-09 15:32:53,731 [Worker-103] INFO  o.e.m.c.i.embedder.EclipseLogger - skip non existing resourceDirectory D:\workspace\ljp_private\my_tomcat\my_tomcat\src\test\resources
2018-04-09 15:32:59,588 [Worker-104] INFO  o.e.m.c.i.embedder.EclipseLogger - Using 'UTF-8' encoding to copy filtered resources.
2018-04-09 15:32:59,589 [Worker-104] INFO  o.e.m.c.i.embedder.EclipseLogger - skip non existing resourceDirectory D:\workspace\ljp_private\my_tomcat\my_tomcat\src\main\resources
2018-04-09 15:32:59,595 [Worker-104] INFO  o.e.m.c.i.embedder.EclipseLogger - Using 'UTF-8' encoding to copy filtered resources.
2018-04-09 15:32:59,596 [Worker-104] INFO  o.e.m.c.i.embedder.EclipseLogger - skip non existing resourceDirectory D:\workspace\ljp_private\my_tomcat\my_tomcat\src\test\resources
2018-04-09 15:35:02,247 [Worker-108] INFO  o.e.m.c.i.embedder.EclipseLogger - Using 'UTF-8' encoding to copy filtered resources.
2018-04-09 15:35:02,247 [Worker-108] INFO  o.e.m.c.i.embedder.EclipseLogger - skip non existing resourceDirectory D:\workspace\ljp_private\my_tomcat\my_tomcat\src\main\resources
2018-04-09 15:35:02,248 [Worker-108] INFO  o.e.m.c.i.embedder.EclipseLogger - Using 'UTF-8' encoding to copy filtered resources.
2018-04-09 15:35:02,248 [Worker-108] INFO  o.e.m.c.i.embedder.EclipseLogger - skip non existing resourceDirectory D:\workspace\ljp_private\my_tomcat\my_tomcat\src\test\resources
2018-04-09 15:35:15,740 [Worker-103] INFO  o.e.m.c.i.embedder.EclipseLogger - Using 'UTF-8' encoding to copy filtered resources.
2018-04-09 15:35:15,740 [Worker-103] INFO  o.e.m.c.i.embedder.EclipseLogger - skip non existing resourceDirectory D:\workspace\ljp_private\my_tomcat\my_tomcat\src\main\resources
2018-04-09 15:35:15,741 [Worker-103] INFO  o.e.m.c.i.embedder.EclipseLogger - Using 'UTF-8' encoding to copy filtered resources.
2018-04-09 15:35:15,741 [Worker-103] INFO  o.e.m.c.i.embedder.EclipseLogger - skip non existing resourceDirectory D:\workspace\ljp_private\my_tomcat\my_tomcat\src\test\resources
2018-04-09 15:35:44,754 [Worker-105] INFO  o.e.m.c.i.embedder.EclipseLogger - Using 'UTF-8' encoding to copy filtered resources.
2018-04-09 15:35:44,754 [Worker-105] INFO  o.e.m.c.i.embedder.EclipseLogger - skip non existing resourceDirectory D:\workspace\ljp_private\my_tomcat\my_tomcat\src\main\resources
2018-04-09 15:35:44,755 [Worker-105] INFO  o.e.m.c.i.embedder.EclipseLogger - Using 'UTF-8' encoding to copy filtered resources.
2018-04-09 15:35:44,755 [Worker-105] INFO  o.e.m.c.i.embedder.EclipseLogger - skip non existing resourceDirectory D:\workspace\ljp_private\my_tomcat\my_tomcat\src\test\resources
2018-04-09 15:36:34,363 [Worker-105] INFO  o.e.m.c.i.embedder.EclipseLogger - Using 'UTF-8' encoding to copy filtered resources.
2018-04-09 15:36:34,363 [Worker-105] INFO  o.e.m.c.i.embedder.EclipseLogger - skip non existing resourceDirectory D:\workspace\ljp_private\my_tomcat\my_tomcat\src\main\resources
2018-04-09 15:36:34,364 [Worker-105] INFO  o.e.m.c.i.embedder.EclipseLogger - Using 'UTF-8' encoding to copy filtered resources.
2018-04-09 15:36:34,364 [Worker-105] INFO  o.e.m.c.i.embedder.EclipseLogger - skip non existing resourceDirectory D:\workspace\ljp_private\my_tomcat\my_tomcat\src\test\resources
2018-04-09 15:37:06,447 [Worker-108] INFO  o.e.m.c.i.embedder.EclipseLogger - Using 'UTF-8' encoding to copy filtered resources.
2018-04-09 15:37:06,448 [Worker-108] INFO  o.e.m.c.i.embedder.EclipseLogger - skip non existing resourceDirectory D:\workspace\ljp_private\my_tomcat\my_tomcat\src\main\resources
2018-04-09 15:37:06,448 [Worker-108] INFO  o.e.m.c.i.embedder.EclipseLogger - Using 'UTF-8' encoding to copy filtered resources.
2018-04-09 15:37:06,448 [Worker-108] INFO  o.e.m.c.i.embedder.EclipseLogger - skip non existing resourceDirectory D:\workspace\ljp_private\my_tomcat\my_tomcat\src\test\resources
2018-04-09 15:37:51,571 [Worker-105] INFO  o.e.m.c.i.embedder.EclipseLogger - Using 'UTF-8' encoding to copy filtered resources.
2018-04-09 15:37:51,572 [Worker-105] INFO  o.e.m.c.i.embedder.EclipseLogger - skip non existing resourceDirectory D:\workspace\ljp_private\my_tomcat\my_tomcat\src\main\resources
2018-04-09 15:37:51,572 [Worker-105] INFO  o.e.m.c.i.embedder.EclipseLogger - Using 'UTF-8' encoding to copy filtered resources.
2018-04-09 15:37:51,572 [Worker-105] INFO  o.e.m.c.i.embedder.EclipseLogger - skip non existing resourceDirectory D:\workspace\ljp_private\my_tomcat\my_tomcat\src\test\resources
2018-04-09 15:38:32,495 [Worker-105] INFO  o.e.m.c.i.embedder.EclipseLogger - Using 'UTF-8' encoding to copy filtered resources.
2018-04-09 15:38:32,495 [Worker-105] INFO  o.e.m.c.i.embedder.EclipseLogger - skip non existing resourceDirectory D:\workspace\ljp_private\my_tomcat\my_tomcat\src\main\resources
2018-04-09 15:38:32,495 [Worker-105] INFO  o.e.m.c.i.embedder.EclipseLogger - Using 'UTF-8' encoding to copy filtered resources.
2018-04-09 15:38:32,495 [Worker-105] INFO  o.e.m.c.i.embedder.EclipseLogger - skip non existing resourceDirectory D:\workspace\ljp_private\my_tomcat\my_tomcat\src\test\resources
2018-04-09 15:39:50,535 [Worker-109] INFO  o.e.m.c.i.embedder.EclipseLogger - Using 'UTF-8' encoding to copy filtered resources.
2018-04-09 15:39:50,536 [Worker-109] INFO  o.e.m.c.i.embedder.EclipseLogger - skip non existing resourceDirectory D:\workspace\ljp_private\my_tomcat\my_tomcat\src\main\resources
2018-04-09 15:39:50,537 [Worker-109] INFO  o.e.m.c.i.embedder.EclipseLogger - Using 'UTF-8' encoding to copy filtered resources.
2018-04-09 15:39:50,537 [Worker-109] INFO  o.e.m.c.i.embedder.EclipseLogger - skip non existing resourceDirectory D:\workspace\ljp_private\my_tomcat\my_tomcat\src\test\resources
2018-04-09 15:40:01,275 [Worker-109] INFO  o.e.m.c.i.embedder.EclipseLogger - Using 'UTF-8' encoding to copy filtered resources.
2018-04-09 15:40:01,275 [Worker-109] INFO  o.e.m.c.i.embedder.EclipseLogger - skip non existing resourceDirectory D:\workspace\ljp_private\my_tomcat\my_tomcat\src\main\resources
2018-04-09 15:40:01,276 [Worker-109] INFO  o.e.m.c.i.embedder.EclipseLogger - Using 'UTF-8' encoding to copy filtered resources.
2018-04-09 15:40:01,276 [Worker-109] INFO  o.e.m.c.i.embedder.EclipseLogger - skip non existing resourceDirectory D:\workspace\ljp_private\my_tomcat\my_tomcat\src\test\resources
2018-04-09 15:40:03,937 [Worker-103] INFO  o.e.m.c.i.embedder.EclipseLogger - Using 'UTF-8' encoding to copy filtered resources.
2018-04-09 15:40:03,937 [Worker-103] INFO  o.e.m.c.i.embedder.EclipseLogger - skip non existing resourceDirectory D:\workspace\ljp_private\my_tomcat\my_tomcat\src\main\resources
2018-04-09 15:40:03,938 [Worker-103] INFO  o.e.m.c.i.embedder.EclipseLogger - Using 'UTF-8' encoding to copy filtered resources.
2018-04-09 15:40:03,938 [Worker-103] INFO  o.e.m.c.i.embedder.EclipseLogger - skip non existing resourceDirectory D:\workspace\ljp_private\my_tomcat\my_tomcat\src\test\resources
2018-04-09 15:40:38,667 [Worker-108] INFO  o.e.m.c.i.embedder.EclipseLogger - Using 'UTF-8' encoding to copy filtered resources.
2018-04-09 15:40:38,667 [Worker-108] INFO  o.e.m.c.i.embedder.EclipseLogger - skip non existing resourceDirectory D:\workspace\ljp_private\my_tomcat\my_tomcat\src\main\resources
2018-04-09 15:40:38,668 [Worker-108] INFO  o.e.m.c.i.embedder.EclipseLogger - Using 'UTF-8' encoding to copy filtered resources.
2018-04-09 15:40:38,668 [Worker-108] INFO  o.e.m.c.i.embedder.EclipseLogger - skip non existing resourceDirectory D:\workspace\ljp_private\my_tomcat\my_tomcat\src\test\resources
2018-04-09 15:41:46,655 [Worker-103] INFO  o.e.m.c.i.embedder.EclipseLogger - Using 'UTF-8' encoding to copy filtered resources.
2018-04-09 15:41:46,655 [Worker-103] INFO  o.e.m.c.i.embedder.EclipseLogger - skip non existing resourceDirectory D:\workspace\ljp_private\my_tomcat\my_tomcat\src\main\resources
2018-04-09 15:41:46,655 [Worker-103] INFO  o.e.m.c.i.embedder.EclipseLogger - Using 'UTF-8' encoding to copy filtered resources.
2018-04-09 15:41:46,655 [Worker-103] INFO  o.e.m.c.i.embedder.EclipseLogger - skip non existing resourceDirectory D:\workspace\ljp_private\my_tomcat\my_tomcat\src\test\resources
2018-04-09 15:41:48,856 [Worker-109] INFO  o.e.m.c.i.embedder.EclipseLogger - Using 'UTF-8' encoding to copy filtered resources.
2018-04-09 15:41:48,856 [Worker-109] INFO  o.e.m.c.i.embedder.EclipseLogger - skip non existing resourceDirectory D:\workspace\ljp_private\my_tomcat\my_tomcat\src\main\resources
2018-04-09 15:41:48,857 [Worker-109] INFO  o.e.m.c.i.embedder.EclipseLogger - Using 'UTF-8' encoding to copy filtered resources.
2018-04-09 15:41:48,857 [Worker-109] INFO  o.e.m.c.i.embedder.EclipseLogger - skip non existing resourceDirectory D:\workspace\ljp_private\my_tomcat\my_tomcat\src\test\resources
2018-04-09 15:49:28,466 [Worker-110] INFO  o.e.m.c.i.embedder.EclipseLogger - Using 'UTF-8' encoding to copy filtered resources.
2018-04-09 15:49:28,466 [Worker-110] INFO  o.e.m.c.i.embedder.EclipseLogger - skip non existing resourceDirectory D:\workspace\ljp_private\my_tomcat\my_tomcat\src\main\resources
2018-04-09 15:49:28,468 [Worker-110] INFO  o.e.m.c.i.embedder.EclipseLogger - Using 'UTF-8' encoding to copy filtered resources.
2018-04-09 15:49:28,469 [Worker-110] INFO  o.e.m.c.i.embedder.EclipseLogger - skip non existing resourceDirectory D:\workspace\ljp_private\my_tomcat\my_tomcat\src\test\resources
2018-04-09 15:50:16,174 [Worker-111] INFO  o.e.m.c.i.embedder.EclipseLogger - Using 'UTF-8' encoding to copy filtered resources.
2018-04-09 15:50:16,174 [Worker-111] INFO  o.e.m.c.i.embedder.EclipseLogger - skip non existing resourceDirectory D:\workspace\ljp_private\my_tomcat\my_tomcat\src\main\resources
2018-04-09 15:50:16,175 [Worker-111] INFO  o.e.m.c.i.embedder.EclipseLogger - Using 'UTF-8' encoding to copy filtered resources.
2018-04-09 15:50:16,175 [Worker-111] INFO  o.e.m.c.i.embedder.EclipseLogger - skip non existing resourceDirectory D:\workspace\ljp_private\my_tomcat\my_tomcat\src\test\resources
2018-04-09 15:50:19,573 [Worker-110] INFO  o.e.m.c.i.embedder.EclipseLogger - Using 'UTF-8' encoding to copy filtered resources.
2018-04-09 15:50:19,573 [Worker-110] INFO  o.e.m.c.i.embedder.EclipseLogger - skip non existing resourceDirectory D:\workspace\ljp_private\my_tomcat\my_tomcat\src\main\resources
2018-04-09 15:50:19,574 [Worker-110] INFO  o.e.m.c.i.embedder.EclipseLogger - Using 'UTF-8' encoding to copy filtered resources.
2018-04-09 15:50:19,574 [Worker-110] INFO  o.e.m.c.i.embedder.EclipseLogger - skip non existing resourceDirectory D:\workspace\ljp_private\my_tomcat\my_tomcat\src\test\resources
2018-04-09 15:50:39,350 [Worker-103] INFO  o.e.m.c.i.embedder.EclipseLogger - Using 'UTF-8' encoding to copy filtered resources.
2018-04-09 15:50:39,350 [Worker-103] INFO  o.e.m.c.i.embedder.EclipseLogger - skip non existing resourceDirectory D:\workspace\ljp_private\my_tomcat\my_tomcat\src\main\resources
2018-04-09 15:50:39,350 [Worker-103] INFO  o.e.m.c.i.embedder.EclipseLogger - Using 'UTF-8' encoding to copy filtered resources.
2018-04-09 15:50:39,351 [Worker-103] INFO  o.e.m.c.i.embedder.EclipseLogger - skip non existing resourceDirectory D:\workspace\ljp_private\my_tomcat\my_tomcat\src\test\resources
2018-04-09 15:51:14,527 [Worker-108] INFO  o.e.m.c.i.embedder.EclipseLogger - Using 'UTF-8' encoding to copy filtered resources.
2018-04-09 15:51:14,527 [Worker-108] INFO  o.e.m.c.i.embedder.EclipseLogger - skip non existing resourceDirectory D:\workspace\ljp_private\my_tomcat\my_tomcat\src\main\resources
2018-04-09 15:51:14,528 [Worker-108] INFO  o.e.m.c.i.embedder.EclipseLogger - Using 'UTF-8' encoding to copy filtered resources.
2018-04-09 15:51:14,528 [Worker-108] INFO  o.e.m.c.i.embedder.EclipseLogger - skip non existing resourceDirectory D:\workspace\ljp_private\my_tomcat\my_tomcat\src\test\resources
2018-04-09 15:52:01,608 [Worker-113] INFO  o.e.m.c.i.embedder.EclipseLogger - Using 'UTF-8' encoding to copy filtered resources.
2018-04-09 15:52:01,608 [Worker-113] INFO  o.e.m.c.i.embedder.EclipseLogger - skip non existing resourceDirectory D:\workspace\ljp_private\my_tomcat\my_tomcat\src\main\resources
2018-04-09 15:52:01,608 [Worker-113] INFO  o.e.m.c.i.embedder.EclipseLogger - Using 'UTF-8' encoding to copy filtered resources.
2018-04-09 15:52:01,608 [Worker-113] INFO  o.e.m.c.i.embedder.EclipseLogger - skip non existing resourceDirectory D:\workspace\ljp_private\my_tomcat\my_tomcat\src\test\resources
2018-04-09 15:52:03,669 [Worker-113] INFO  o.e.m.c.i.embedder.EclipseLogger - Using 'UTF-8' encoding to copy filtered resources.
2018-04-09 15:52:03,670 [Worker-113] INFO  o.e.m.c.i.embedder.EclipseLogger - skip non existing resourceDirectory D:\workspace\ljp_private\my_tomcat\my_tomcat\src\main\resources
2018-04-09 15:52:03,670 [Worker-113] INFO  o.e.m.c.i.embedder.EclipseLogger - Using 'UTF-8' encoding to copy filtered resources.
2018-04-09 15:52:03,670 [Worker-113] INFO  o.e.m.c.i.embedder.EclipseLogger - skip non existing resourceDirectory D:\workspace\ljp_private\my_tomcat\my_tomcat\src\test\resources
2018-04-09 15:52:22,833 [Worker-112] INFO  o.e.m.c.i.embedder.EclipseLogger - Using 'UTF-8' encoding to copy filtered resources.
2018-04-09 15:52:22,833 [Worker-112] INFO  o.e.m.c.i.embedder.EclipseLogger - skip non existing resourceDirectory D:\workspace\ljp_private\my_tomcat\my_tomcat\src\main\resources
2018-04-09 15:52:22,833 [Worker-112] INFO  o.e.m.c.i.embedder.EclipseLogger - Using 'UTF-8' encoding to copy filtered resources.
2018-04-09 15:52:22,834 [Worker-112] INFO  o.e.m.c.i.embedder.EclipseLogger - skip non existing resourceDirectory D:\workspace\ljp_private\my_tomcat\my_tomcat\src\test\resources
2018-04-09 15:52:39,612 [Worker-110] INFO  o.e.m.c.i.embedder.EclipseLogger - Using 'UTF-8' encoding to copy filtered resources.
2018-04-09 15:52:39,612 [Worker-110] INFO  o.e.m.c.i.embedder.EclipseLogger - skip non existing resourceDirectory D:\workspace\ljp_private\my_tomcat\my_tomcat\src\main\resources
2018-04-09 15:52:39,612 [Worker-110] INFO  o.e.m.c.i.embedder.EclipseLogger - Using 'UTF-8' encoding to copy filtered resources.
2018-04-09 15:52:39,612 [Worker-110] INFO  o.e.m.c.i.embedder.EclipseLogger - skip non existing resourceDirectory D:\workspace\ljp_private\my_tomcat\my_tomcat\src\test\resources
2018-04-09 15:52:41,683 [Worker-114] INFO  o.e.m.c.i.embedder.EclipseLogger - Using 'UTF-8' encoding to copy filtered resources.
2018-04-09 15:52:41,683 [Worker-114] INFO  o.e.m.c.i.embedder.EclipseLogger - skip non existing resourceDirectory D:\workspace\ljp_private\my_tomcat\my_tomcat\src\main\resources
2018-04-09 15:52:41,684 [Worker-114] INFO  o.e.m.c.i.embedder.EclipseLogger - Using 'UTF-8' encoding to copy filtered resources.
2018-04-09 15:52:41,684 [Worker-114] INFO  o.e.m.c.i.embedder.EclipseLogger - skip non existing resourceDirectory D:\workspace\ljp_private\my_tomcat\my_tomcat\src\test\resources
2018-04-09 15:53:06,051 [Worker-114] INFO  o.e.m.c.i.embedder.EclipseLogger - Using 'UTF-8' encoding to copy filtered resources.
2018-04-09 15:53:06,052 [Worker-114] INFO  o.e.m.c.i.embedder.EclipseLogger - skip non existing resourceDirectory D:\workspace\ljp_private\my_tomcat\my_tomcat\src\main\resources
2018-04-09 15:53:06,053 [Worker-114] INFO  o.e.m.c.i.embedder.EclipseLogger - Using 'UTF-8' encoding to copy filtered resources.
2018-04-09 15:53:06,053 [Worker-114] INFO  o.e.m.c.i.embedder.EclipseLogger - skip non existing resourceDirectory D:\workspace\ljp_private\my_tomcat\my_tomcat\src\test\resources
2018-04-09 15:53:30,070 [Worker-114] INFO  o.e.m.c.i.embedder.EclipseLogger - Using 'UTF-8' encoding to copy filtered resources.
2018-04-09 15:53:30,070 [Worker-114] INFO  o.e.m.c.i.embedder.EclipseLogger - skip non existing resourceDirectory D:\workspace\ljp_private\my_tomcat\my_tomcat\src\main\resources
2018-04-09 15:53:30,071 [Worker-114] INFO  o.e.m.c.i.embedder.EclipseLogger - Using 'UTF-8' encoding to copy filtered resources.
2018-04-09 15:53:30,071 [Worker-114] INFO  o.e.m.c.i.embedder.EclipseLogger - skip non existing resourceDirectory D:\workspace\ljp_private\my_tomcat\my_tomcat\src\test\resources
2018-04-09 15:54:22,130 [Worker-108] INFO  o.e.m.c.i.embedder.EclipseLogger - Using 'UTF-8' encoding to copy filtered resources.
2018-04-09 15:54:22,130 [Worker-108] INFO  o.e.m.c.i.embedder.EclipseLogger - skip non existing resourceDirectory D:\workspace\ljp_private\my_tomcat\my_tomcat\src\main\resources
2018-04-09 15:54:22,130 [Worker-108] INFO  o.e.m.c.i.embedder.EclipseLogger - Using 'UTF-8' encoding to copy filtered resources.
2018-04-09 15:54:22,130 [Worker-108] INFO  o.e.m.c.i.embedder.EclipseLogger - skip non existing resourceDirectory D:\workspace\ljp_private\my_tomcat\my_tomcat\src\test\resources
2018-04-09 15:54:51,268 [Worker-103] INFO  o.e.m.c.i.embedder.EclipseLogger - Using 'UTF-8' encoding to copy filtered resources.
2018-04-09 15:54:51,268 [Worker-103] INFO  o.e.m.c.i.embedder.EclipseLogger - skip non existing resourceDirectory D:\workspace\ljp_private\my_tomcat\my_tomcat\src\main\resources
2018-04-09 15:54:51,268 [Worker-103] INFO  o.e.m.c.i.embedder.EclipseLogger - Using 'UTF-8' encoding to copy filtered resources.
2018-04-09 15:54:51,268 [Worker-103] INFO  o.e.m.c.i.embedder.EclipseLogger - skip non existing resourceDirectory D:\workspace\ljp_private\my_tomcat\my_tomcat\src\test\resources
2018-04-09 15:55:11,009 [Worker-110] INFO  o.e.m.c.i.embedder.EclipseLogger - Using 'UTF-8' encoding to copy filtered resources.
2018-04-09 15:55:11,009 [Worker-110] INFO  o.e.m.c.i.embedder.EclipseLogger - skip non existing resourceDirectory D:\workspace\ljp_private\my_tomcat\my_tomcat\src\main\resources
2018-04-09 15:55:11,010 [Worker-110] INFO  o.e.m.c.i.embedder.EclipseLogger - Using 'UTF-8' encoding to copy filtered resources.
2018-04-09 15:55:11,010 [Worker-110] INFO  o.e.m.c.i.embedder.EclipseLogger - skip non existing resourceDirectory D:\workspace\ljp_private\my_tomcat\my_tomcat\src\test\resources
2018-04-09 15:55:38,210 [Worker-112] INFO  o.e.m.c.i.embedder.EclipseLogger - Using 'UTF-8' encoding to copy filtered resources.
2018-04-09 15:55:38,210 [Worker-112] INFO  o.e.m.c.i.embedder.EclipseLogger - skip non existing resourceDirectory D:\workspace\ljp_private\my_tomcat\my_tomcat\src\main\resources
2018-04-09 15:55:38,211 [Worker-112] INFO  o.e.m.c.i.embedder.EclipseLogger - Using 'UTF-8' encoding to copy filtered resources.
2018-04-09 15:55:38,211 [Worker-112] INFO  o.e.m.c.i.embedder.EclipseLogger - skip non existing resourceDirectory D:\workspace\ljp_private\my_tomcat\my_tomcat\src\test\resources
2018-04-09 15:55:43,365 [Worker-114] INFO  o.e.m.c.i.embedder.EclipseLogger - Using 'UTF-8' encoding to copy filtered resources.
2018-04-09 15:55:43,365 [Worker-114] INFO  o.e.m.c.i.embedder.EclipseLogger - skip non existing resourceDirectory D:\workspace\ljp_private\my_tomcat\my_tomcat\src\main\resources
2018-04-09 15:55:43,366 [Worker-114] INFO  o.e.m.c.i.embedder.EclipseLogger - Using 'UTF-8' encoding to copy filtered resources.
2018-04-09 15:55:43,366 [Worker-114] INFO  o.e.m.c.i.embedder.EclipseLogger - skip non existing resourceDirectory D:\workspace\ljp_private\my_tomcat\my_tomcat\src\test\resources
2018-04-09 15:56:04,303 [Worker-108] INFO  o.e.m.c.i.embedder.EclipseLogger - Using 'UTF-8' encoding to copy filtered resources.
2018-04-09 15:56:04,303 [Worker-108] INFO  o.e.m.c.i.embedder.EclipseLogger - skip non existing resourceDirectory D:\workspace\ljp_private\my_tomcat\my_tomcat\src\main\resources
2018-04-09 15:56:04,303 [Worker-108] INFO  o.e.m.c.i.embedder.EclipseLogger - Using 'UTF-8' encoding to copy filtered resources.
2018-04-09 15:56:04,303 [Worker-108] INFO  o.e.m.c.i.embedder.EclipseLogger - skip non existing resourceDirectory D:\workspace\ljp_private\my_tomcat\my_tomcat\src\test\resources
2018-04-09 15:56:49,850 [Worker-108] INFO  o.e.m.c.i.embedder.EclipseLogger - Using 'UTF-8' encoding to copy filtered resources.
2018-04-09 15:56:49,850 [Worker-108] INFO  o.e.m.c.i.embedder.EclipseLogger - skip non existing resourceDirectory D:\workspace\ljp_private\my_tomcat\my_tomcat\src\main\resources
2018-04-09 15:56:49,851 [Worker-108] INFO  o.e.m.c.i.embedder.EclipseLogger - Using 'UTF-8' encoding to copy filtered resources.
2018-04-09 15:56:49,851 [Worker-108] INFO  o.e.m.c.i.embedder.EclipseLogger - skip non existing resourceDirectory D:\workspace\ljp_private\my_tomcat\my_tomcat\src\test\resources
2018-04-09 15:57:03,346 [Worker-108] INFO  o.e.m.c.i.embedder.EclipseLogger - Using 'UTF-8' encoding to copy filtered resources.
2018-04-09 15:57:03,346 [Worker-108] INFO  o.e.m.c.i.embedder.EclipseLogger - skip non existing resourceDirectory D:\workspace\ljp_private\my_tomcat\my_tomcat\src\main\resources
2018-04-09 15:57:03,346 [Worker-108] INFO  o.e.m.c.i.embedder.EclipseLogger - Using 'UTF-8' encoding to copy filtered resources.
2018-04-09 15:57:03,346 [Worker-108] INFO  o.e.m.c.i.embedder.EclipseLogger - skip non existing resourceDirectory D:\workspace\ljp_private\my_tomcat\my_tomcat\src\test\resources
2018-04-09 16:05:10,954 [Worker-112] INFO  o.e.m.c.i.embedder.EclipseLogger - Using 'UTF-8' encoding to copy filtered resources.
2018-04-09 16:05:10,955 [Worker-112] INFO  o.e.m.c.i.embedder.EclipseLogger - skip non existing resourceDirectory D:\workspace\ljp_private\my_tomcat\my_tomcat\src\main\resources
2018-04-09 16:05:10,955 [Worker-112] INFO  o.e.m.c.i.embedder.EclipseLogger - Using 'UTF-8' encoding to copy filtered resources.
2018-04-09 16:05:10,955 [Worker-112] INFO  o.e.m.c.i.embedder.EclipseLogger - skip non existing resourceDirectory D:\workspace\ljp_private\my_tomcat\my_tomcat\src\test\resources
2018-04-09 16:05:40,419 [Worker-118] INFO  o.e.m.c.i.embedder.EclipseLogger - Using 'UTF-8' encoding to copy filtered resources.
2018-04-09 16:05:40,419 [Worker-118] INFO  o.e.m.c.i.embedder.EclipseLogger - skip non existing resourceDirectory D:\workspace\ljp_private\my_tomcat\my_tomcat\src\main\resources
2018-04-09 16:05:40,420 [Worker-118] INFO  o.e.m.c.i.embedder.EclipseLogger - Using 'UTF-8' encoding to copy filtered resources.
2018-04-09 16:05:40,420 [Worker-118] INFO  o.e.m.c.i.embedder.EclipseLogger - skip non existing resourceDirectory D:\workspace\ljp_private\my_tomcat\my_tomcat\src\test\resources
2018-04-09 16:05:42,451 [Worker-119] INFO  o.e.m.c.i.embedder.EclipseLogger - Using 'UTF-8' encoding to copy filtered resources.
2018-04-09 16:05:42,451 [Worker-119] INFO  o.e.m.c.i.embedder.EclipseLogger - skip non existing resourceDirectory D:\workspace\ljp_private\my_tomcat\my_tomcat\src\main\resources
2018-04-09 16:05:42,452 [Worker-119] INFO  o.e.m.c.i.embedder.EclipseLogger - Using 'UTF-8' encoding to copy filtered resources.
2018-04-09 16:05:42,453 [Worker-119] INFO  o.e.m.c.i.embedder.EclipseLogger - skip non existing resourceDirectory D:\workspace\ljp_private\my_tomcat\my_tomcat\src\test\resources
2018-04-09 16:05:50,973 [Worker-118] INFO  o.e.m.c.i.embedder.EclipseLogger - Using 'UTF-8' encoding to copy filtered resources.
2018-04-09 16:05:50,973 [Worker-118] INFO  o.e.m.c.i.embedder.EclipseLogger - skip non existing resourceDirectory D:\workspace\ljp_private\my_tomcat\my_tomcat\src\main\resources
2018-04-09 16:05:50,973 [Worker-118] INFO  o.e.m.c.i.embedder.EclipseLogger - Using 'UTF-8' encoding to copy filtered resources.
2018-04-09 16:05:50,973 [Worker-118] INFO  o.e.m.c.i.embedder.EclipseLogger - skip non existing resourceDirectory D:\workspace\ljp_private\my_tomcat\my_tomcat\src\test\resources
2018-04-09 16:07:28,524 [Worker-117] INFO  o.e.m.c.i.embedder.EclipseLogger - Using 'UTF-8' encoding to copy filtered resources.
2018-04-09 16:07:28,524 [Worker-117] INFO  o.e.m.c.i.embedder.EclipseLogger - skip non existing resourceDirectory D:\workspace\ljp_private\my_tomcat\my_tomcat\src\main\resources
2018-04-09 16:07:28,524 [Worker-117] INFO  o.e.m.c.i.embedder.EclipseLogger - Using 'UTF-8' encoding to copy filtered resources.
2018-04-09 16:07:28,525 [Worker-117] INFO  o.e.m.c.i.embedder.EclipseLogger - skip non existing resourceDirectory D:\workspace\ljp_private\my_tomcat\my_tomcat\src\test\resources
2018-04-09 16:07:40,641 [Worker-119] INFO  o.e.m.c.i.embedder.EclipseLogger - Using 'UTF-8' encoding to copy filtered resources.
2018-04-09 16:07:40,641 [Worker-119] INFO  o.e.m.c.i.embedder.EclipseLogger - skip non existing resourceDirectory D:\workspace\ljp_private\my_tomcat\my_tomcat\src\main\resources
2018-04-09 16:07:40,641 [Worker-119] INFO  o.e.m.c.i.embedder.EclipseLogger - Using 'UTF-8' encoding to copy filtered resources.
2018-04-09 16:07:40,641 [Worker-119] INFO  o.e.m.c.i.embedder.EclipseLogger - skip non existing resourceDirectory D:\workspace\ljp_private\my_tomcat\my_tomcat\src\test\resources
2018-04-09 16:10:12,663 [Worker-117] INFO  o.e.m.c.i.embedder.EclipseLogger - Using 'UTF-8' encoding to copy filtered resources.
2018-04-09 16:10:12,663 [Worker-117] INFO  o.e.m.c.i.embedder.EclipseLogger - skip non existing resourceDirectory D:\workspace\ljp_private\my_tomcat\my_tomcat\src\main\resources
2018-04-09 16:10:12,663 [Worker-117] INFO  o.e.m.c.i.embedder.EclipseLogger - Using 'UTF-8' encoding to copy filtered resources.
2018-04-09 16:10:12,663 [Worker-117] INFO  o.e.m.c.i.embedder.EclipseLogger - skip non existing resourceDirectory D:\workspace\ljp_private\my_tomcat\my_tomcat\src\test\resources
2018-04-09 16:10:15,200 [Worker-112] INFO  o.e.m.c.i.embedder.EclipseLogger - Using 'UTF-8' encoding to copy filtered resources.
2018-04-09 16:10:15,200 [Worker-112] INFO  o.e.m.c.i.embedder.EclipseLogger - skip non existing resourceDirectory D:\workspace\ljp_private\my_tomcat\my_tomcat\src\main\resources
2018-04-09 16:10:15,200 [Worker-112] INFO  o.e.m.c.i.embedder.EclipseLogger - Using 'UTF-8' encoding to copy filtered resources.
2018-04-09 16:10:15,200 [Worker-112] INFO  o.e.m.c.i.embedder.EclipseLogger - skip non existing resourceDirectory D:\workspace\ljp_private\my_tomcat\my_tomcat\src\test\resources
2018-04-09 16:10:28,504 [Worker-117] INFO  o.e.m.c.i.embedder.EclipseLogger - Using 'UTF-8' encoding to copy filtered resources.
2018-04-09 16:10:28,504 [Worker-117] INFO  o.e.m.c.i.embedder.EclipseLogger - skip non existing resourceDirectory D:\workspace\ljp_private\my_tomcat\my_tomcat\src\main\resources
2018-04-09 16:10:28,505 [Worker-117] INFO  o.e.m.c.i.embedder.EclipseLogger - Using 'UTF-8' encoding to copy filtered resources.
2018-04-09 16:10:28,505 [Worker-117] INFO  o.e.m.c.i.embedder.EclipseLogger - skip non existing resourceDirectory D:\workspace\ljp_private\my_tomcat\my_tomcat\src\test\resources
2018-04-09 16:11:01,188 [Worker-112] INFO  o.e.m.c.i.embedder.EclipseLogger - Using 'UTF-8' encoding to copy filtered resources.
2018-04-09 16:11:01,188 [Worker-112] INFO  o.e.m.c.i.embedder.EclipseLogger - skip non existing resourceDirectory D:\workspace\ljp_private\my_tomcat\my_tomcat\src\main\resources
2018-04-09 16:11:01,188 [Worker-112] INFO  o.e.m.c.i.embedder.EclipseLogger - Using 'UTF-8' encoding to copy filtered resources.
2018-04-09 16:11:01,189 [Worker-112] INFO  o.e.m.c.i.embedder.EclipseLogger - skip non existing resourceDirectory D:\workspace\ljp_private\my_tomcat\my_tomcat\src\test\resources
2018-04-09 16:13:11,844 [Worker-108] INFO  o.e.m.c.i.embedder.EclipseLogger - Using 'UTF-8' encoding to copy filtered resources.
2018-04-09 16:13:11,844 [Worker-108] INFO  o.e.m.c.i.embedder.EclipseLogger - skip non existing resourceDirectory D:\workspace\ljp_private\my_tomcat\my_tomcat\src\main\resources
2018-04-09 16:13:11,844 [Worker-108] INFO  o.e.m.c.i.embedder.EclipseLogger - Using 'UTF-8' encoding to copy filtered resources.
2018-04-09 16:13:11,844 [Worker-108] INFO  o.e.m.c.i.embedder.EclipseLogger - skip non existing resourceDirectory D:\workspace\ljp_private\my_tomcat\my_tomcat\src\test\resources
2018-04-09 16:13:16,116 [Worker-108] INFO  o.e.m.c.i.embedder.EclipseLogger - Using 'UTF-8' encoding to copy filtered resources.
2018-04-09 16:13:16,116 [Worker-108] INFO  o.e.m.c.i.embedder.EclipseLogger - skip non existing resourceDirectory D:\workspace\ljp_private\my_tomcat\my_tomcat\src\main\resources
2018-04-09 16:13:16,116 [Worker-108] INFO  o.e.m.c.i.embedder.EclipseLogger - Using 'UTF-8' encoding to copy filtered resources.
2018-04-09 16:13:16,116 [Worker-108] INFO  o.e.m.c.i.embedder.EclipseLogger - skip non existing resourceDirectory D:\workspace\ljp_private\my_tomcat\my_tomcat\src\test\resources
2018-04-09 16:13:49,366 [Worker-122] INFO  o.e.m.c.i.embedder.EclipseLogger - Using 'UTF-8' encoding to copy filtered resources.
2018-04-09 16:13:49,366 [Worker-122] INFO  o.e.m.c.i.embedder.EclipseLogger - skip non existing resourceDirectory D:\workspace\ljp_private\my_tomcat\my_tomcat\src\main\resources
2018-04-09 16:13:49,366 [Worker-122] INFO  o.e.m.c.i.embedder.EclipseLogger - Using 'UTF-8' encoding to copy filtered resources.
2018-04-09 16:13:49,366 [Worker-122] INFO  o.e.m.c.i.embedder.EclipseLogger - skip non existing resourceDirectory D:\workspace\ljp_private\my_tomcat\my_tomcat\src\test\resources
2018-04-09 16:15:04,462 [Worker-112] INFO  o.e.m.c.i.embedder.EclipseLogger - Using 'UTF-8' encoding to copy filtered resources.
2018-04-09 16:15:04,462 [Worker-112] INFO  o.e.m.c.i.embedder.EclipseLogger - skip non existing resourceDirectory D:\workspace\ljp_private\my_tomcat\my_tomcat\src\main\resources
2018-04-09 16:15:04,462 [Worker-112] INFO  o.e.m.c.i.embedder.EclipseLogger - Using 'UTF-8' encoding to copy filtered resources.
2018-04-09 16:15:04,462 [Worker-112] INFO  o.e.m.c.i.embedder.EclipseLogger - skip non existing resourceDirectory D:\workspace\ljp_private\my_tomcat\my_tomcat\src\test\resources
2018-04-09 16:16:34,494 [Worker-122] INFO  o.e.m.c.i.embedder.EclipseLogger - Using 'UTF-8' encoding to copy filtered resources.
2018-04-09 16:16:34,495 [Worker-122] INFO  o.e.m.c.i.embedder.EclipseLogger - skip non existing resourceDirectory D:\workspace\ljp_private\my_tomcat\my_tomcat\src\main\resources
2018-04-09 16:16:34,495 [Worker-122] INFO  o.e.m.c.i.embedder.EclipseLogger - Using 'UTF-8' encoding to copy filtered resources.
2018-04-09 16:16:34,495 [Worker-122] INFO  o.e.m.c.i.embedder.EclipseLogger - skip non existing resourceDirectory D:\workspace\ljp_private\my_tomcat\my_tomcat\src\test\resources
2018-04-09 16:16:46,088 [Worker-121] INFO  o.e.m.c.i.embedder.EclipseLogger - Using 'UTF-8' encoding to copy filtered resources.
2018-04-09 16:16:46,088 [Worker-121] INFO  o.e.m.c.i.embedder.EclipseLogger - skip non existing resourceDirectory D:\workspace\ljp_private\my_tomcat\my_tomcat\src\main\resources
2018-04-09 16:16:46,088 [Worker-121] INFO  o.e.m.c.i.embedder.EclipseLogger - Using 'UTF-8' encoding to copy filtered resources.
2018-04-09 16:16:46,089 [Worker-121] INFO  o.e.m.c.i.embedder.EclipseLogger - skip non existing resourceDirectory D:\workspace\ljp_private\my_tomcat\my_tomcat\src\test\resources
2018-04-09 16:17:10,599 [Worker-121] INFO  o.e.m.c.i.embedder.EclipseLogger - Using 'UTF-8' encoding to copy filtered resources.
2018-04-09 16:17:10,599 [Worker-121] INFO  o.e.m.c.i.embedder.EclipseLogger - skip non existing resourceDirectory D:\workspace\ljp_private\my_tomcat\my_tomcat\src\main\resources
2018-04-09 16:17:10,600 [Worker-121] INFO  o.e.m.c.i.embedder.EclipseLogger - Using 'UTF-8' encoding to copy filtered resources.
2018-04-09 16:17:10,600 [Worker-121] INFO  o.e.m.c.i.embedder.EclipseLogger - skip non existing resourceDirectory D:\workspace\ljp_private\my_tomcat\my_tomcat\src\test\resources
2018-04-09 16:17:56,474 [Worker-120] INFO  o.e.m.c.i.embedder.EclipseLogger - Using 'UTF-8' encoding to copy filtered resources.
2018-04-09 16:17:56,474 [Worker-120] INFO  o.e.m.c.i.embedder.EclipseLogger - skip non existing resourceDirectory D:\workspace\ljp_private\my_tomcat\my_tomcat\src\main\resources
2018-04-09 16:17:56,474 [Worker-120] INFO  o.e.m.c.i.embedder.EclipseLogger - Using 'UTF-8' encoding to copy filtered resources.
2018-04-09 16:17:56,474 [Worker-120] INFO  o.e.m.c.i.embedder.EclipseLogger - skip non existing resourceDirectory D:\workspace\ljp_private\my_tomcat\my_tomcat\src\test\resources
2018-04-09 16:19:18,885 [Worker-121] INFO  o.e.m.c.i.embedder.EclipseLogger - Using 'UTF-8' encoding to copy filtered resources.
2018-04-09 16:19:18,885 [Worker-121] INFO  o.e.m.c.i.embedder.EclipseLogger - skip non existing resourceDirectory D:\workspace\ljp_private\my_tomcat\my_tomcat\src\main\resources
2018-04-09 16:19:18,886 [Worker-121] INFO  o.e.m.c.i.embedder.EclipseLogger - Using 'UTF-8' encoding to copy filtered resources.
2018-04-09 16:19:18,887 [Worker-121] INFO  o.e.m.c.i.embedder.EclipseLogger - skip non existing resourceDirectory D:\workspace\ljp_private\my_tomcat\my_tomcat\src\test\resources
2018-04-09 16:20:15,735 [Worker-120] INFO  o.e.m.c.i.embedder.EclipseLogger - Using 'UTF-8' encoding to copy filtered resources.
2018-04-09 16:20:15,735 [Worker-120] INFO  o.e.m.c.i.embedder.EclipseLogger - skip non existing resourceDirectory D:\workspace\ljp_private\my_tomcat\my_tomcat\src\main\resources
2018-04-09 16:20:15,735 [Worker-120] INFO  o.e.m.c.i.embedder.EclipseLogger - Using 'UTF-8' encoding to copy filtered resources.
2018-04-09 16:20:15,735 [Worker-120] INFO  o.e.m.c.i.embedder.EclipseLogger - skip non existing resourceDirectory D:\workspace\ljp_private\my_tomcat\my_tomcat\src\test\resources
2018-04-09 16:21:11,400 [Worker-117] INFO  o.e.m.c.i.embedder.EclipseLogger - Using 'UTF-8' encoding to copy filtered resources.
2018-04-09 16:21:11,401 [Worker-117] INFO  o.e.m.c.i.embedder.EclipseLogger - skip non existing resourceDirectory D:\workspace\ljp_private\my_tomcat\my_tomcat\src\main\resources
2018-04-09 16:21:11,402 [Worker-117] INFO  o.e.m.c.i.embedder.EclipseLogger - Using 'UTF-8' encoding to copy filtered resources.
2018-04-09 16:21:11,402 [Worker-117] INFO  o.e.m.c.i.embedder.EclipseLogger - skip non existing resourceDirectory D:\workspace\ljp_private\my_tomcat\my_tomcat\src\test\resources
2018-04-09 16:21:58,638 [Worker-120] INFO  o.e.m.c.i.embedder.EclipseLogger - Using 'UTF-8' encoding to copy filtered resources.
2018-04-09 16:21:58,639 [Worker-120] INFO  o.e.m.c.i.embedder.EclipseLogger - skip non existing resourceDirectory D:\workspace\ljp_private\my_tomcat\my_tomcat\src\main\resources
2018-04-09 16:21:58,640 [Worker-120] INFO  o.e.m.c.i.embedder.EclipseLogger - Using 'UTF-8' encoding to copy filtered resources.
2018-04-09 16:21:58,640 [Worker-120] INFO  o.e.m.c.i.embedder.EclipseLogger - skip non existing resourceDirectory D:\workspace\ljp_private\my_tomcat\my_tomcat\src\test\resources
2018-04-09 16:23:57,937 [Worker-123] INFO  o.e.m.c.i.embedder.EclipseLogger - Using 'UTF-8' encoding to copy filtered resources.
2018-04-09 16:23:57,937 [Worker-123] INFO  o.e.m.c.i.embedder.EclipseLogger - skip non existing resourceDirectory D:\workspace\ljp_private\my_tomcat\my_tomcat\src\main\resources
2018-04-09 16:23:57,938 [Worker-123] INFO  o.e.m.c.i.embedder.EclipseLogger - Using 'UTF-8' encoding to copy filtered resources.
2018-04-09 16:23:57,938 [Worker-123] INFO  o.e.m.c.i.embedder.EclipseLogger - skip non existing resourceDirectory D:\workspace\ljp_private\my_tomcat\my_tomcat\src\test\resources
2018-04-09 16:24:06,430 [Worker-127] INFO  o.e.m.c.i.embedder.EclipseLogger - Using 'UTF-8' encoding to copy filtered resources.
2018-04-09 16:24:06,430 [Worker-127] INFO  o.e.m.c.i.embedder.EclipseLogger - skip non existing resourceDirectory D:\workspace\ljp_private\my_tomcat\my_tomcat\src\main\resources
2018-04-09 16:24:06,431 [Worker-127] INFO  o.e.m.c.i.embedder.EclipseLogger - Using 'UTF-8' encoding to copy filtered resources.
2018-04-09 16:24:06,431 [Worker-127] INFO  o.e.m.c.i.embedder.EclipseLogger - skip non existing resourceDirectory D:\workspace\ljp_private\my_tomcat\my_tomcat\src\test\resources
2018-04-09 16:24:29,545 [Worker-126] INFO  o.e.m.c.i.embedder.EclipseLogger - Using 'UTF-8' encoding to copy filtered resources.
2018-04-09 16:24:29,546 [Worker-126] INFO  o.e.m.c.i.embedder.EclipseLogger - skip non existing resourceDirectory D:\workspace\ljp_private\my_tomcat\my_tomcat\src\main\resources
2018-04-09 16:24:29,546 [Worker-126] INFO  o.e.m.c.i.embedder.EclipseLogger - Using 'UTF-8' encoding to copy filtered resources.
2018-04-09 16:24:29,546 [Worker-126] INFO  o.e.m.c.i.embedder.EclipseLogger - skip non existing resourceDirectory D:\workspace\ljp_private\my_tomcat\my_tomcat\src\test\resources
2018-04-09 16:25:10,170 [Worker-127] INFO  o.e.m.c.i.embedder.EclipseLogger - Using 'UTF-8' encoding to copy filtered resources.
2018-04-09 16:25:10,171 [Worker-127] INFO  o.e.m.c.i.embedder.EclipseLogger - skip non existing resourceDirectory D:\workspace\ljp_private\my_tomcat\my_tomcat\src\main\resources
2018-04-09 16:25:10,171 [Worker-127] INFO  o.e.m.c.i.embedder.EclipseLogger - Using 'UTF-8' encoding to copy filtered resources.
2018-04-09 16:25:10,172 [Worker-127] INFO  o.e.m.c.i.embedder.EclipseLogger - skip non existing resourceDirectory D:\workspace\ljp_private\my_tomcat\my_tomcat\src\test\resources
2018-04-09 16:25:21,857 [Worker-125] INFO  o.e.m.c.i.embedder.EclipseLogger - Using 'UTF-8' encoding to copy filtered resources.
2018-04-09 16:25:21,857 [Worker-125] INFO  o.e.m.c.i.embedder.EclipseLogger - skip non existing resourceDirectory D:\workspace\ljp_private\my_tomcat\my_tomcat\src\main\resources
2018-04-09 16:25:21,858 [Worker-125] INFO  o.e.m.c.i.embedder.EclipseLogger - Using 'UTF-8' encoding to copy filtered resources.
2018-04-09 16:25:21,858 [Worker-125] INFO  o.e.m.c.i.embedder.EclipseLogger - skip non existing resourceDirectory D:\workspace\ljp_private\my_tomcat\my_tomcat\src\test\resources
2018-04-09 16:25:24,652 [Worker-127] INFO  o.e.m.c.i.embedder.EclipseLogger - Using 'UTF-8' encoding to copy filtered resources.
2018-04-09 16:25:24,652 [Worker-127] INFO  o.e.m.c.i.embedder.EclipseLogger - skip non existing resourceDirectory D:\workspace\ljp_private\my_tomcat\my_tomcat\src\main\resources
2018-04-09 16:25:24,653 [Worker-127] INFO  o.e.m.c.i.embedder.EclipseLogger - Using 'UTF-8' encoding to copy filtered resources.
2018-04-09 16:25:24,653 [Worker-127] INFO  o.e.m.c.i.embedder.EclipseLogger - skip non existing resourceDirectory D:\workspace\ljp_private\my_tomcat\my_tomcat\src\test\resources
2018-04-09 16:25:55,190 [Worker-125] INFO  o.e.m.c.i.embedder.EclipseLogger - Using 'UTF-8' encoding to copy filtered resources.
2018-04-09 16:25:55,190 [Worker-125] INFO  o.e.m.c.i.embedder.EclipseLogger - skip non existing resourceDirectory D:\workspace\ljp_private\my_tomcat\my_tomcat\src\main\resources
2018-04-09 16:25:55,190 [Worker-125] INFO  o.e.m.c.i.embedder.EclipseLogger - Using 'UTF-8' encoding to copy filtered resources.
2018-04-09 16:25:55,190 [Worker-125] INFO  o.e.m.c.i.embedder.EclipseLogger - skip non existing resourceDirectory D:\workspace\ljp_private\my_tomcat\my_tomcat\src\test\resources
2018-04-09 16:27:40,262 [Worker-121] INFO  o.e.m.c.i.embedder.EclipseLogger - Using 'UTF-8' encoding to copy filtered resources.
2018-04-09 16:27:40,262 [Worker-121] INFO  o.e.m.c.i.embedder.EclipseLogger - skip non existing resourceDirectory D:\workspace\ljp_private\my_tomcat\my_tomcat\src\main\resources
2018-04-09 16:27:40,263 [Worker-121] INFO  o.e.m.c.i.embedder.EclipseLogger - Using 'UTF-8' encoding to copy filtered resources.
2018-04-09 16:27:40,264 [Worker-121] INFO  o.e.m.c.i.embedder.EclipseLogger - skip non existing resourceDirectory D:\workspace\ljp_private\my_tomcat\my_tomcat\src\test\resources
2018-04-09 16:27:57,013 [Worker-128] INFO  o.e.m.c.i.embedder.EclipseLogger - Using 'UTF-8' encoding to copy filtered resources.
2018-04-09 16:27:57,013 [Worker-128] INFO  o.e.m.c.i.embedder.EclipseLogger - skip non existing resourceDirectory D:\workspace\ljp_private\my_tomcat\my_tomcat\src\main\resources
2018-04-09 16:27:57,013 [Worker-128] INFO  o.e.m.c.i.embedder.EclipseLogger - Using 'UTF-8' encoding to copy filtered resources.
2018-04-09 16:27:57,013 [Worker-128] INFO  o.e.m.c.i.embedder.EclipseLogger - skip non existing resourceDirectory D:\workspace\ljp_private\my_tomcat\my_tomcat\src\test\resources
2018-04-09 16:33:47,773 [Worker-121] INFO  o.e.m.c.i.embedder.EclipseLogger - Using 'UTF-8' encoding to copy filtered resources.
2018-04-09 16:33:47,774 [Worker-121] INFO  o.e.m.c.i.embedder.EclipseLogger - skip non existing resourceDirectory D:\workspace\ljp_private\my_tomcat\my_tomcat\src\main\resources
2018-04-09 16:33:47,774 [Worker-121] INFO  o.e.m.c.i.embedder.EclipseLogger - Using 'UTF-8' encoding to copy filtered resources.
2018-04-09 16:33:47,774 [Worker-121] INFO  o.e.m.c.i.embedder.EclipseLogger - skip non existing resourceDirectory D:\workspace\ljp_private\my_tomcat\my_tomcat\src\test\resources
2018-04-09 16:34:10,784 [Worker-128] INFO  o.e.m.c.i.embedder.EclipseLogger - Using 'UTF-8' encoding to copy filtered resources.
2018-04-09 16:34:10,784 [Worker-128] INFO  o.e.m.c.i.embedder.EclipseLogger - skip non existing resourceDirectory D:\workspace\ljp_private\my_tomcat\my_tomcat\src\main\resources
2018-04-09 16:34:10,785 [Worker-128] INFO  o.e.m.c.i.embedder.EclipseLogger - Using 'UTF-8' encoding to copy filtered resources.
2018-04-09 16:34:10,785 [Worker-128] INFO  o.e.m.c.i.embedder.EclipseLogger - skip non existing resourceDirectory D:\workspace\ljp_private\my_tomcat\my_tomcat\src\test\resources
2018-04-09 16:45:09,793 [Worker-178] INFO  o.e.m.c.i.embedder.EclipseLogger - Using 'UTF-8' encoding to copy filtered resources.
2018-04-09 16:45:09,793 [Worker-178] INFO  o.e.m.c.i.embedder.EclipseLogger - skip non existing resourceDirectory D:\workspace\ljp_private\my_tomcat\my_tomcat\src\main\resources
2018-04-09 16:45:09,794 [Worker-178] INFO  o.e.m.c.i.embedder.EclipseLogger - Using 'UTF-8' encoding to copy filtered resources.
2018-04-09 16:45:09,794 [Worker-178] INFO  o.e.m.c.i.embedder.EclipseLogger - skip non existing resourceDirectory D:\workspace\ljp_private\my_tomcat\my_tomcat\src\test\resources
2018-04-09 17:52:20,418 [Worker-213] INFO  o.e.m.c.i.embedder.EclipseLogger - Using 'UTF-8' encoding to copy filtered resources.
2018-04-09 17:52:20,418 [Worker-213] INFO  o.e.m.c.i.embedder.EclipseLogger - skip non existing resourceDirectory D:\workspace\ljp_private\my_tomcat\my_tomcat\src\main\resources
2018-04-09 17:52:20,419 [Worker-213] INFO  o.e.m.c.i.embedder.EclipseLogger - Using 'UTF-8' encoding to copy filtered resources.
2018-04-09 17:52:20,420 [Worker-213] INFO  o.e.m.c.i.embedder.EclipseLogger - skip non existing resourceDirectory D:\workspace\ljp_private\my_tomcat\my_tomcat\src\test\resources
2018-04-09 17:54:08,671 [Worker-223] INFO  o.e.m.c.i.embedder.EclipseLogger - Using 'UTF-8' encoding to copy filtered resources.
2018-04-09 17:54:08,671 [Worker-223] INFO  o.e.m.c.i.embedder.EclipseLogger - skip non existing resourceDirectory D:\workspace\ljp_private\my_tomcat\my_tomcat\src\main\resources
2018-04-09 17:54:08,671 [Worker-223] INFO  o.e.m.c.i.embedder.EclipseLogger - Using 'UTF-8' encoding to copy filtered resources.
2018-04-09 17:54:08,671 [Worker-223] INFO  o.e.m.c.i.embedder.EclipseLogger - skip non existing resourceDirectory D:\workspace\ljp_private\my_tomcat\my_tomcat\src\test\resources
2018-04-09 17:57:15,721 [Worker-239] INFO  o.e.m.c.i.embedder.EclipseLogger - Using 'UTF-8' encoding to copy filtered resources.
2018-04-09 17:57:15,721 [Worker-239] INFO  o.e.m.c.i.embedder.EclipseLogger - skip non existing resourceDirectory D:\workspace\ljp_private\my_tomcat\my_tomcat\src\main\resources
2018-04-09 17:57:15,721 [Worker-239] INFO  o.e.m.c.i.embedder.EclipseLogger - Using 'UTF-8' encoding to copy filtered resources.
2018-04-09 17:57:15,721 [Worker-239] INFO  o.e.m.c.i.embedder.EclipseLogger - skip non existing resourceDirectory D:\workspace\ljp_private\my_tomcat\my_tomcat\src\test\resources
2018-04-09 17:59:52,096 [Worker-235] INFO  o.e.m.c.i.embedder.EclipseLogger - Using 'UTF-8' encoding to copy filtered resources.
2018-04-09 17:59:52,096 [Worker-235] INFO  o.e.m.c.i.embedder.EclipseLogger - skip non existing resourceDirectory D:\workspace\ljp_private\my_tomcat\my_tomcat\src\main\resources
2018-04-09 17:59:52,096 [Worker-235] INFO  o.e.m.c.i.embedder.EclipseLogger - Using 'UTF-8' encoding to copy filtered resources.
2018-04-09 17:59:52,096 [Worker-235] INFO  o.e.m.c.i.embedder.EclipseLogger - skip non existing resourceDirectory D:\workspace\ljp_private\my_tomcat\my_tomcat\src\test\resources
2018-04-10 09:51:09,929 [Worker-3] INFO  c.g.t.t.d.PublishedGradleVersions - Gradle version information cache is out-of-date. Trying to update.
2018-04-10 09:51:13,136 [Worker-14] INFO  o.e.m.c.i.embedder.EclipseLogger - Using 'UTF-8' encoding to copy filtered resources.
2018-04-10 09:51:13,137 [Worker-14] INFO  o.e.m.c.i.embedder.EclipseLogger - skip non existing resourceDirectory D:\workspace\ljp_private\my_tomcat\my_tomcat\src\main\resources
2018-04-10 09:51:13,139 [Worker-14] INFO  o.e.m.c.i.embedder.EclipseLogger - Using 'UTF-8' encoding to copy filtered resources.
2018-04-10 09:51:13,139 [Worker-14] INFO  o.e.m.c.i.embedder.EclipseLogger - skip non existing resourceDirectory D:\workspace\ljp_private\my_tomcat\my_tomcat\src\test\resources
2018-04-10 10:06:30,808 [Worker-23] INFO  o.e.m.c.i.l.LifecycleMappingFactory - Using org.eclipse.m2e.jdt.JarLifecycleMapping lifecycle mapping for MavenProject: com.liugh.http:reptileHttp:0.0.1-SNAPSHOT @ E:\Downloads\reptileHttp\pom.xml.
2018-04-10 10:06:30,883 [Worker-23] INFO  o.e.m.c.i.embedder.EclipseLogger - Using 'UTF-8' encoding to copy filtered resources.
2018-04-10 10:06:30,883 [Worker-23] INFO  o.e.m.c.i.embedder.EclipseLogger - skip non existing resourceDirectory E:\Downloads\reptileHttp\src\main\resources
2018-04-10 10:06:30,884 [Worker-23] INFO  o.e.m.c.i.embedder.EclipseLogger - Using 'UTF-8' encoding to copy filtered resources.
2018-04-10 10:06:30,884 [Worker-23] INFO  o.e.m.c.i.embedder.EclipseLogger - skip non existing resourceDirectory E:\Downloads\reptileHttp\src\test\resources
2018-04-10 10:40:55,021 [Worker-42] INFO  o.e.m.c.i.embedder.EclipseLogger - Using 'UTF-8' encoding to copy filtered resources.
2018-04-10 10:40:55,022 [Worker-42] INFO  o.e.m.c.i.embedder.EclipseLogger - skip non existing resourceDirectory D:\workspace\ljp_private\my_tomcat\my_tomcat\src\main\resources
2018-04-10 10:40:55,023 [Worker-42] INFO  o.e.m.c.i.embedder.EclipseLogger - Using 'UTF-8' encoding to copy filtered resources.
2018-04-10 10:40:55,023 [Worker-42] INFO  o.e.m.c.i.embedder.EclipseLogger - skip non existing resourceDirectory D:\workspace\ljp_private\my_tomcat\my_tomcat\src\test\resources
2018-04-10 10:41:56,142 [Worker-43] INFO  o.e.m.c.i.embedder.EclipseLogger - Using 'UTF-8' encoding to copy filtered resources.
2018-04-10 10:41:56,142 [Worker-43] INFO  o.e.m.c.i.embedder.EclipseLogger - skip non existing resourceDirectory D:\workspace\ljp_private\my_tomcat\my_tomcat\src\main\resources
2018-04-10 10:41:56,143 [Worker-43] INFO  o.e.m.c.i.embedder.EclipseLogger - Using 'UTF-8' encoding to copy filtered resources.
2018-04-10 10:41:56,144 [Worker-43] INFO  o.e.m.c.i.embedder.EclipseLogger - skip non existing resourceDirectory D:\workspace\ljp_private\my_tomcat\my_tomcat\src\test\resources
2018-04-10 11:30:16,531 [Worker-64] INFO  o.e.m.c.i.embedder.EclipseLogger - Using 'UTF-8' encoding to copy filtered resources.
2018-04-10 11:30:16,531 [Worker-64] INFO  o.e.m.c.i.embedder.EclipseLogger - skip non existing resourceDirectory D:\workspace\ljp_private\my_tomcat\my_tomcat\src\main\resources
2018-04-10 11:30:16,532 [Worker-64] INFO  o.e.m.c.i.embedder.EclipseLogger - Using 'UTF-8' encoding to copy filtered resources.
2018-04-10 11:30:16,532 [Worker-64] INFO  o.e.m.c.i.embedder.EclipseLogger - skip non existing resourceDirectory D:\workspace\ljp_private\my_tomcat\my_tomcat\src\test\resources
2018-04-10 11:33:00,672 [Worker-66] INFO  o.e.m.c.i.embedder.EclipseLogger - Using 'UTF-8' encoding to copy filtered resources.
2018-04-10 11:33:00,672 [Worker-66] INFO  o.e.m.c.i.embedder.EclipseLogger - skip non existing resourceDirectory D:\workspace\ljp_private\my_tomcat\my_tomcat\src\main\resources
2018-04-10 11:33:00,673 [Worker-66] INFO  o.e.m.c.i.embedder.EclipseLogger - Using 'UTF-8' encoding to copy filtered resources.
2018-04-10 11:33:00,673 [Worker-66] INFO  o.e.m.c.i.embedder.EclipseLogger - skip non existing resourceDirectory D:\workspace\ljp_private\my_tomcat\my_tomcat\src\test\resources
2018-04-10 11:33:17,884 [Worker-64] INFO  o.e.m.c.i.embedder.EclipseLogger - Using 'UTF-8' encoding to copy filtered resources.
2018-04-10 11:33:17,884 [Worker-64] INFO  o.e.m.c.i.embedder.EclipseLogger - skip non existing resourceDirectory D:\workspace\ljp_private\my_tomcat\my_tomcat\src\main\resources
2018-04-10 11:33:17,885 [Worker-64] INFO  o.e.m.c.i.embedder.EclipseLogger - Using 'UTF-8' encoding to copy filtered resources.
2018-04-10 11:33:17,885 [Worker-64] INFO  o.e.m.c.i.embedder.EclipseLogger - skip non existing resourceDirectory D:\workspace\ljp_private\my_tomcat\my_tomcat\src\test\resources
2018-04-10 11:33:54,669 [Worker-64] INFO  o.e.m.c.i.embedder.EclipseLogger - Using 'UTF-8' encoding to copy filtered resources.
2018-04-10 11:33:54,670 [Worker-64] INFO  o.e.m.c.i.embedder.EclipseLogger - skip non existing resourceDirectory D:\workspace\ljp_private\my_tomcat\my_tomcat\src\main\resources
2018-04-10 11:33:54,671 [Worker-64] INFO  o.e.m.c.i.embedder.EclipseLogger - Using 'UTF-8' encoding to copy filtered resources.
2018-04-10 11:33:54,671 [Worker-64] INFO  o.e.m.c.i.embedder.EclipseLogger - skip non existing resourceDirectory D:\workspace\ljp_private\my_tomcat\my_tomcat\src\test\resources
2018-04-10 11:34:02,241 [Worker-64] INFO  o.e.m.c.i.embedder.EclipseLogger - Using 'UTF-8' encoding to copy filtered resources.
2018-04-10 11:34:02,242 [Worker-64] INFO  o.e.m.c.i.embedder.EclipseLogger - skip non existing resourceDirectory D:\workspace\ljp_private\my_tomcat\my_tomcat\src\main\resources
2018-04-10 11:34:02,243 [Worker-64] INFO  o.e.m.c.i.embedder.EclipseLogger - Using 'UTF-8' encoding to copy filtered resources.
2018-04-10 11:34:02,243 [Worker-64] INFO  o.e.m.c.i.embedder.EclipseLogger - skip non existing resourceDirectory D:\workspace\ljp_private\my_tomcat\my_tomcat\src\test\resources
2018-04-10 11:36:49,214 [Worker-68] INFO  o.e.m.c.i.embedder.EclipseLogger - Using 'UTF-8' encoding to copy filtered resources.
2018-04-10 11:36:49,215 [Worker-68] INFO  o.e.m.c.i.embedder.EclipseLogger - skip non existing resourceDirectory D:\workspace\ljp_private\my_tomcat\my_tomcat\src\main\resources
2018-04-10 11:36:49,216 [Worker-68] INFO  o.e.m.c.i.embedder.EclipseLogger - Using 'UTF-8' encoding to copy filtered resources.
2018-04-10 11:36:49,217 [Worker-68] INFO  o.e.m.c.i.embedder.EclipseLogger - skip non existing resourceDirectory D:\workspace\ljp_private\my_tomcat\my_tomcat\src\test\resources
2018-04-10 11:38:08,127 [Worker-80] INFO  o.e.m.c.i.embedder.EclipseLogger - Using 'UTF-8' encoding to copy filtered resources.
2018-04-10 11:38:08,128 [Worker-80] INFO  o.e.m.c.i.embedder.EclipseLogger - skip non existing resourceDirectory D:\workspace\ljp_private\my_tomcat\my_tomcat\src\main\resources
2018-04-10 11:38:08,128 [Worker-80] INFO  o.e.m.c.i.embedder.EclipseLogger - Using 'UTF-8' encoding to copy filtered resources.
2018-04-10 11:38:08,129 [Worker-80] INFO  o.e.m.c.i.embedder.EclipseLogger - skip non existing resourceDirectory D:\workspace\ljp_private\my_tomcat\my_tomcat\src\test\resources
2018-04-10 11:38:49,826 [Worker-53] INFO  o.e.m.c.i.embedder.EclipseLogger - Using 'UTF-8' encoding to copy filtered resources.
2018-04-10 11:38:49,826 [Worker-53] INFO  o.e.m.c.i.embedder.EclipseLogger - skip non existing resourceDirectory D:\workspace\ljp_private\my_tomcat\my_tomcat\src\main\resources
2018-04-10 11:38:49,828 [Worker-53] INFO  o.e.m.c.i.embedder.EclipseLogger - Using 'UTF-8' encoding to copy filtered resources.
2018-04-10 11:38:49,828 [Worker-53] INFO  o.e.m.c.i.embedder.EclipseLogger - skip non existing resourceDirectory D:\workspace\ljp_private\my_tomcat\my_tomcat\src\test\resources
2018-04-10 11:41:06,439 [Worker-84] INFO  o.e.m.c.i.embedder.EclipseLogger - Using 'UTF-8' encoding to copy filtered resources.
2018-04-10 11:41:06,439 [Worker-84] INFO  o.e.m.c.i.embedder.EclipseLogger - skip non existing resourceDirectory D:\workspace\ljp_private\my_tomcat\my_tomcat\src\main\resources
2018-04-10 11:41:06,440 [Worker-84] INFO  o.e.m.c.i.embedder.EclipseLogger - Using 'UTF-8' encoding to copy filtered resources.
2018-04-10 11:41:06,440 [Worker-84] INFO  o.e.m.c.i.embedder.EclipseLogger - skip non existing resourceDirectory D:\workspace\ljp_private\my_tomcat\my_tomcat\src\test\resources
2018-04-10 11:41:10,622 [Worker-76] INFO  o.e.m.c.i.embedder.EclipseLogger - Using 'UTF-8' encoding to copy filtered resources.
2018-04-10 11:41:10,622 [Worker-76] INFO  o.e.m.c.i.embedder.EclipseLogger - skip non existing resourceDirectory D:\workspace\ljp_private\my_tomcat\my_tomcat\src\main\resources
2018-04-10 11:41:10,623 [Worker-76] INFO  o.e.m.c.i.embedder.EclipseLogger - Using 'UTF-8' encoding to copy filtered resources.
2018-04-10 11:41:10,623 [Worker-76] INFO  o.e.m.c.i.embedder.EclipseLogger - skip non existing resourceDirectory D:\workspace\ljp_private\my_tomcat\my_tomcat\src\test\resources
2018-04-10 11:42:49,125 [Worker-91] INFO  o.e.m.c.i.embedder.EclipseLogger - Using 'UTF-8' encoding to copy filtered resources.
2018-04-10 11:42:49,126 [Worker-91] INFO  o.e.m.c.i.embedder.EclipseLogger - skip non existing resourceDirectory D:\workspace\ljp_private\my_tomcat\my_tomcat\src\main\resources
2018-04-10 11:42:49,126 [Worker-91] INFO  o.e.m.c.i.embedder.EclipseLogger - Using 'UTF-8' encoding to copy filtered resources.
2018-04-10 11:42:49,126 [Worker-91] INFO  o.e.m.c.i.embedder.EclipseLogger - skip non existing resourceDirectory D:\workspace\ljp_private\my_tomcat\my_tomcat\src\test\resources
2018-04-10 11:43:41,078 [Worker-63] INFO  o.e.m.c.i.embedder.EclipseLogger - Using 'UTF-8' encoding to copy filtered resources.
2018-04-10 11:43:41,078 [Worker-63] INFO  o.e.m.c.i.embedder.EclipseLogger - skip non existing resourceDirectory D:\workspace\ljp_private\my_tomcat\my_tomcat\src\main\resources
2018-04-10 11:43:41,080 [Worker-63] INFO  o.e.m.c.i.embedder.EclipseLogger - Using 'UTF-8' encoding to copy filtered resources.
2018-04-10 11:43:41,080 [Worker-63] INFO  o.e.m.c.i.embedder.EclipseLogger - skip non existing resourceDirectory D:\workspace\ljp_private\my_tomcat\my_tomcat\src\test\resources
2018-04-10 11:44:47,851 [Worker-90] INFO  o.e.m.c.i.embedder.EclipseLogger - Using 'UTF-8' encoding to copy filtered resources.
2018-04-10 11:44:47,852 [Worker-90] INFO  o.e.m.c.i.embedder.EclipseLogger - skip non existing resourceDirectory D:\workspace\ljp_private\my_tomcat\my_tomcat\src\main\resources
2018-04-10 11:44:47,853 [Worker-90] INFO  o.e.m.c.i.embedder.EclipseLogger - Using 'UTF-8' encoding to copy filtered resources.
2018-04-10 11:44:47,853 [Worker-90] INFO  o.e.m.c.i.embedder.EclipseLogger - skip non existing resourceDirectory D:\workspace\ljp_private\my_tomcat\my_tomcat\src\test\resources
2018-04-10 11:45:49,934 [Worker-87] INFO  o.e.m.c.i.embedder.EclipseLogger - Using 'UTF-8' encoding to copy filtered resources.
2018-04-10 11:45:49,935 [Worker-87] INFO  o.e.m.c.i.embedder.EclipseLogger - skip non existing resourceDirectory D:\workspace\ljp_private\my_tomcat\my_tomcat\src\main\resources
2018-04-10 11:45:49,935 [Worker-87] INFO  o.e.m.c.i.embedder.EclipseLogger - Using 'UTF-8' encoding to copy filtered resources.
2018-04-10 11:45:49,935 [Worker-87] INFO  o.e.m.c.i.embedder.EclipseLogger - skip non existing resourceDirectory D:\workspace\ljp_private\my_tomcat\my_tomcat\src\test\resources
2018-04-10 11:45:56,287 [Worker-91] INFO  o.e.m.c.i.embedder.EclipseLogger - Using 'UTF-8' encoding to copy filtered resources.
2018-04-10 11:45:56,287 [Worker-91] INFO  o.e.m.c.i.embedder.EclipseLogger - skip non existing resourceDirectory D:\workspace\ljp_private\my_tomcat\my_tomcat\src\main\resources
2018-04-10 11:45:56,287 [Worker-91] INFO  o.e.m.c.i.embedder.EclipseLogger - Using 'UTF-8' encoding to copy filtered resources.
2018-04-10 11:45:56,288 [Worker-91] INFO  o.e.m.c.i.embedder.EclipseLogger - skip non existing resourceDirectory D:\workspace\ljp_private\my_tomcat\my_tomcat\src\test\resources
2018-04-10 11:47:36,961 [Worker-82] INFO  o.e.m.c.i.embedder.EclipseLogger - Using 'UTF-8' encoding to copy filtered resources.
2018-04-10 11:47:36,961 [Worker-82] INFO  o.e.m.c.i.embedder.EclipseLogger - skip non existing resourceDirectory D:\workspace\ljp_private\my_tomcat\my_tomcat\src\main\resources
2018-04-10 11:47:36,962 [Worker-82] INFO  o.e.m.c.i.embedder.EclipseLogger - Using 'UTF-8' encoding to copy filtered resources.
2018-04-10 11:47:36,962 [Worker-82] INFO  o.e.m.c.i.embedder.EclipseLogger - skip non existing resourceDirectory D:\workspace\ljp_private\my_tomcat\my_tomcat\src\test\resources
2018-04-10 11:48:11,663 [Worker-61] INFO  o.e.m.c.i.embedder.EclipseLogger - Using 'UTF-8' encoding to copy filtered resources.
2018-04-10 11:48:11,663 [Worker-61] INFO  o.e.m.c.i.embedder.EclipseLogger - skip non existing resourceDirectory D:\workspace\ljp_private\my_tomcat\my_tomcat\src\main\resources
2018-04-10 11:48:11,666 [Worker-61] INFO  o.e.m.c.i.embedder.EclipseLogger - Using 'UTF-8' encoding to copy filtered resources.
2018-04-10 11:48:11,666 [Worker-61] INFO  o.e.m.c.i.embedder.EclipseLogger - skip non existing resourceDirectory D:\workspace\ljp_private\my_tomcat\my_tomcat\src\test\resources
2018-04-10 11:51:51,927 [Worker-102] INFO  o.e.m.c.i.embedder.EclipseLogger - Using 'UTF-8' encoding to copy filtered resources.
2018-04-10 11:51:51,927 [Worker-102] INFO  o.e.m.c.i.embedder.EclipseLogger - skip non existing resourceDirectory D:\workspace\ljp_private\my_tomcat\my_tomcat\src\main\resources
2018-04-10 11:51:51,928 [Worker-102] INFO  o.e.m.c.i.embedder.EclipseLogger - Using 'UTF-8' encoding to copy filtered resources.
2018-04-10 11:51:51,928 [Worker-102] INFO  o.e.m.c.i.embedder.EclipseLogger - skip non existing resourceDirectory D:\workspace\ljp_private\my_tomcat\my_tomcat\src\test\resources
2018-04-10 11:52:59,322 [Worker-63] INFO  o.e.m.c.i.embedder.EclipseLogger - Using 'UTF-8' encoding to copy filtered resources.
2018-04-10 11:52:59,322 [Worker-63] INFO  o.e.m.c.i.embedder.EclipseLogger - skip non existing resourceDirectory D:\workspace\ljp_private\my_tomcat\my_tomcat\src\main\resources
2018-04-10 11:52:59,323 [Worker-63] INFO  o.e.m.c.i.embedder.EclipseLogger - Using 'UTF-8' encoding to copy filtered resources.
2018-04-10 11:52:59,323 [Worker-63] INFO  o.e.m.c.i.embedder.EclipseLogger - skip non existing resourceDirectory D:\workspace\ljp_private\my_tomcat\my_tomcat\src\test\resources
2018-04-10 11:56:06,700 [Worker-106] INFO  o.e.m.c.i.embedder.EclipseLogger - Using 'UTF-8' encoding to copy filtered resources.
2018-04-10 11:56:06,700 [Worker-106] INFO  o.e.m.c.i.embedder.EclipseLogger - skip non existing resourceDirectory D:\workspace\ljp_private\my_tomcat\my_tomcat\src\main\resources
2018-04-10 11:56:06,701 [Worker-106] INFO  o.e.m.c.i.embedder.EclipseLogger - Using 'UTF-8' encoding to copy filtered resources.
2018-04-10 11:56:06,701 [Worker-106] INFO  o.e.m.c.i.embedder.EclipseLogger - skip non existing resourceDirectory D:\workspace\ljp_private\my_tomcat\my_tomcat\src\test\resources
2018-04-10 11:56:09,199 [Worker-63] INFO  o.e.m.c.i.embedder.EclipseLogger - Using 'UTF-8' encoding to copy filtered resources.
2018-04-10 11:56:09,199 [Worker-63] INFO  o.e.m.c.i.embedder.EclipseLogger - skip non existing resourceDirectory D:\workspace\ljp_private\my_tomcat\my_tomcat\src\main\resources
2018-04-10 11:56:09,200 [Worker-63] INFO  o.e.m.c.i.embedder.EclipseLogger - Using 'UTF-8' encoding to copy filtered resources.
2018-04-10 11:56:09,200 [Worker-63] INFO  o.e.m.c.i.embedder.EclipseLogger - skip non existing resourceDirectory D:\workspace\ljp_private\my_tomcat\my_tomcat\src\test\resources
2018-04-10 11:57:04,930 [Worker-104] INFO  o.e.m.c.i.embedder.EclipseLogger - Using 'UTF-8' encoding to copy filtered resources.
2018-04-10 11:57:04,930 [Worker-104] INFO  o.e.m.c.i.embedder.EclipseLogger - skip non existing resourceDirectory D:\workspace\ljp_private\my_tomcat\my_tomcat\src\main\resources
2018-04-10 11:57:04,930 [Worker-104] INFO  o.e.m.c.i.embedder.EclipseLogger - Using 'UTF-8' encoding to copy filtered resources.
2018-04-10 11:57:04,930 [Worker-104] INFO  o.e.m.c.i.embedder.EclipseLogger - skip non existing resourceDirectory D:\workspace\ljp_private\my_tomcat\my_tomcat\src\test\resources
2018-04-10 11:57:57,019 [Worker-108] INFO  o.e.m.c.i.embedder.EclipseLogger - Using 'UTF-8' encoding to copy filtered resources.
2018-04-10 11:57:57,020 [Worker-108] INFO  o.e.m.c.i.embedder.EclipseLogger - skip non existing resourceDirectory D:\workspace\ljp_private\my_tomcat\my_tomcat\src\main\resources
2018-04-10 11:57:57,020 [Worker-108] INFO  o.e.m.c.i.embedder.EclipseLogger - Using 'UTF-8' encoding to copy filtered resources.
2018-04-10 11:57:57,020 [Worker-108] INFO  o.e.m.c.i.embedder.EclipseLogger - skip non existing resourceDirectory D:\workspace\ljp_private\my_tomcat\my_tomcat\src\test\resources
2018-04-10 11:59:11,795 [Worker-63] INFO  o.e.m.c.i.embedder.EclipseLogger - Using 'UTF-8' encoding to copy filtered resources.
2018-04-10 11:59:11,795 [Worker-63] INFO  o.e.m.c.i.embedder.EclipseLogger - skip non existing resourceDirectory D:\workspace\ljp_private\my_tomcat\my_tomcat\src\main\resources
2018-04-10 11:59:11,795 [Worker-63] INFO  o.e.m.c.i.embedder.EclipseLogger - Using 'UTF-8' encoding to copy filtered resources.
2018-04-10 11:59:11,795 [Worker-63] INFO  o.e.m.c.i.embedder.EclipseLogger - skip non existing resourceDirectory D:\workspace\ljp_private\my_tomcat\my_tomcat\src\test\resources
2018-04-10 11:59:48,913 [Worker-63] INFO  o.e.m.c.i.embedder.EclipseLogger - Using 'UTF-8' encoding to copy filtered resources.
2018-04-10 11:59:48,913 [Worker-63] INFO  o.e.m.c.i.embedder.EclipseLogger - skip non existing resourceDirectory D:\workspace\ljp_private\my_tomcat\my_tomcat\src\main\resources
2018-04-10 11:59:48,913 [Worker-63] INFO  o.e.m.c.i.embedder.EclipseLogger - Using 'UTF-8' encoding to copy filtered resources.
2018-04-10 11:59:48,913 [Worker-63] INFO  o.e.m.c.i.embedder.EclipseLogger - skip non existing resourceDirectory D:\workspace\ljp_private\my_tomcat\my_tomcat\src\test\resources
2018-04-10 12:00:57,919 [Worker-109] INFO  o.e.m.c.i.embedder.EclipseLogger - Using 'UTF-8' encoding to copy filtered resources.
2018-04-10 12:00:57,920 [Worker-109] INFO  o.e.m.c.i.embedder.EclipseLogger - skip non existing resourceDirectory D:\workspace\ljp_private\my_tomcat\my_tomcat\src\main\resources
2018-04-10 12:00:57,920 [Worker-109] INFO  o.e.m.c.i.embedder.EclipseLogger - Using 'UTF-8' encoding to copy filtered resources.
2018-04-10 12:00:57,921 [Worker-109] INFO  o.e.m.c.i.embedder.EclipseLogger - skip non existing resourceDirectory D:\workspace\ljp_private\my_tomcat\my_tomcat\src\test\resources
2018-04-10 12:02:22,217 [Worker-92] INFO  o.e.m.c.i.embedder.EclipseLogger - Using 'UTF-8' encoding to copy filtered resources.
2018-04-10 12:02:22,218 [Worker-92] INFO  o.e.m.c.i.embedder.EclipseLogger - skip non existing resourceDirectory D:\workspace\ljp_private\my_tomcat\my_tomcat\src\main\resources
2018-04-10 12:02:22,219 [Worker-92] INFO  o.e.m.c.i.embedder.EclipseLogger - Using 'UTF-8' encoding to copy filtered resources.
2018-04-10 12:02:22,219 [Worker-92] INFO  o.e.m.c.i.embedder.EclipseLogger - skip non existing resourceDirectory D:\workspace\ljp_private\my_tomcat\my_tomcat\src\test\resources
2018-04-10 12:02:44,324 [Worker-109] INFO  o.e.m.c.i.embedder.EclipseLogger - Using 'UTF-8' encoding to copy filtered resources.
2018-04-10 12:02:44,325 [Worker-109] INFO  o.e.m.c.i.embedder.EclipseLogger - skip non existing resourceDirectory D:\workspace\ljp_private\my_tomcat\my_tomcat\src\main\resources
2018-04-10 12:02:44,326 [Worker-109] INFO  o.e.m.c.i.embedder.EclipseLogger - Using 'UTF-8' encoding to copy filtered resources.
2018-04-10 12:02:44,326 [Worker-109] INFO  o.e.m.c.i.embedder.EclipseLogger - skip non existing resourceDirectory D:\workspace\ljp_private\my_tomcat\my_tomcat\src\test\resources
2018-04-10 12:04:11,838 [Worker-110] INFO  o.e.m.c.i.embedder.EclipseLogger - Using 'UTF-8' encoding to copy filtered resources.
2018-04-10 12:04:11,839 [Worker-110] INFO  o.e.m.c.i.embedder.EclipseLogger - skip non existing resourceDirectory D:\workspace\ljp_private\my_tomcat\my_tomcat\src\main\resources
2018-04-10 12:04:11,839 [Worker-110] INFO  o.e.m.c.i.embedder.EclipseLogger - Using 'UTF-8' encoding to copy filtered resources.
2018-04-10 12:04:11,839 [Worker-110] INFO  o.e.m.c.i.embedder.EclipseLogger - skip non existing resourceDirectory D:\workspace\ljp_private\my_tomcat\my_tomcat\src\test\resources
2018-04-10 12:04:19,720 [Worker-63] INFO  o.e.m.c.i.embedder.EclipseLogger - Using 'UTF-8' encoding to copy filtered resources.
2018-04-10 12:04:19,720 [Worker-63] INFO  o.e.m.c.i.embedder.EclipseLogger - skip non existing resourceDirectory D:\workspace\ljp_private\my_tomcat\my_tomcat\src\main\resources
2018-04-10 12:04:19,722 [Worker-63] INFO  o.e.m.c.i.embedder.EclipseLogger - Using 'UTF-8' encoding to copy filtered resources.
2018-04-10 12:04:19,723 [Worker-63] INFO  o.e.m.c.i.embedder.EclipseLogger - skip non existing resourceDirectory D:\workspace\ljp_private\my_tomcat\my_tomcat\src\test\resources
2018-04-10 12:05:37,614 [Worker-92] INFO  o.e.m.c.i.embedder.EclipseLogger - Using 'UTF-8' encoding to copy filtered resources.
2018-04-10 12:05:37,614 [Worker-92] INFO  o.e.m.c.i.embedder.EclipseLogger - skip non existing resourceDirectory D:\workspace\ljp_private\my_tomcat\my_tomcat\src\main\resources
2018-04-10 12:05:37,615 [Worker-92] INFO  o.e.m.c.i.embedder.EclipseLogger - Using 'UTF-8' encoding to copy filtered resources.
2018-04-10 12:05:37,615 [Worker-92] INFO  o.e.m.c.i.embedder.EclipseLogger - skip non existing resourceDirectory D:\workspace\ljp_private\my_tomcat\my_tomcat\src\test\resources
2018-04-10 12:05:49,309 [Worker-110] INFO  o.e.m.c.i.embedder.EclipseLogger - Using 'UTF-8' encoding to copy filtered resources.
2018-04-10 12:05:49,309 [Worker-110] INFO  o.e.m.c.i.embedder.EclipseLogger - skip non existing resourceDirectory D:\workspace\ljp_private\my_tomcat\my_tomcat\src\main\resources
2018-04-10 12:05:49,310 [Worker-110] INFO  o.e.m.c.i.embedder.EclipseLogger - Using 'UTF-8' encoding to copy filtered resources.
2018-04-10 12:05:49,311 [Worker-110] INFO  o.e.m.c.i.embedder.EclipseLogger - skip non existing resourceDirectory D:\workspace\ljp_private\my_tomcat\my_tomcat\src\test\resources
2018-04-10 12:05:59,929 [Worker-110] INFO  o.e.m.c.i.embedder.EclipseLogger - Using 'UTF-8' encoding to copy filtered resources.
2018-04-10 12:05:59,929 [Worker-110] INFO  o.e.m.c.i.embedder.EclipseLogger - skip non existing resourceDirectory D:\workspace\ljp_private\my_tomcat\my_tomcat\src\main\resources
2018-04-10 12:05:59,929 [Worker-110] INFO  o.e.m.c.i.embedder.EclipseLogger - Using 'UTF-8' encoding to copy filtered resources.
2018-04-10 12:05:59,929 [Worker-110] INFO  o.e.m.c.i.embedder.EclipseLogger - skip non existing resourceDirectory D:\workspace\ljp_private\my_tomcat\my_tomcat\src\test\resources
2018-04-10 12:06:16,214 [Worker-63] INFO  o.e.m.c.i.embedder.EclipseLogger - Using 'UTF-8' encoding to copy filtered resources.
2018-04-10 12:06:16,214 [Worker-63] INFO  o.e.m.c.i.embedder.EclipseLogger - skip non existing resourceDirectory D:\workspace\ljp_private\my_tomcat\my_tomcat\src\main\resources
2018-04-10 12:06:16,214 [Worker-63] INFO  o.e.m.c.i.embedder.EclipseLogger - Using 'UTF-8' encoding to copy filtered resources.
2018-04-10 12:06:16,215 [Worker-63] INFO  o.e.m.c.i.embedder.EclipseLogger - skip non existing resourceDirectory D:\workspace\ljp_private\my_tomcat\my_tomcat\src\test\resources
2018-04-10 12:07:13,465 [Worker-105] INFO  o.e.m.c.i.embedder.EclipseLogger - Using 'UTF-8' encoding to copy filtered resources.
2018-04-10 12:07:13,466 [Worker-105] INFO  o.e.m.c.i.embedder.EclipseLogger - skip non existing resourceDirectory D:\workspace\ljp_private\my_tomcat\my_tomcat\src\main\resources
2018-04-10 12:07:13,466 [Worker-105] INFO  o.e.m.c.i.embedder.EclipseLogger - Using 'UTF-8' encoding to copy filtered resources.
2018-04-10 12:07:13,467 [Worker-105] INFO  o.e.m.c.i.embedder.EclipseLogger - skip non existing resourceDirectory D:\workspace\ljp_private\my_tomcat\my_tomcat\src\test\resources
2018-04-10 12:07:59,885 [Worker-113] INFO  o.e.m.c.i.embedder.EclipseLogger - Using 'UTF-8' encoding to copy filtered resources.
2018-04-10 12:07:59,886 [Worker-113] INFO  o.e.m.c.i.embedder.EclipseLogger - skip non existing resourceDirectory D:\workspace\ljp_private\my_tomcat\my_tomcat\src\main\resources
2018-04-10 12:07:59,886 [Worker-113] INFO  o.e.m.c.i.embedder.EclipseLogger - Using 'UTF-8' encoding to copy filtered resources.
2018-04-10 12:07:59,886 [Worker-113] INFO  o.e.m.c.i.embedder.EclipseLogger - skip non existing resourceDirectory D:\workspace\ljp_private\my_tomcat\my_tomcat\src\test\resources
2018-04-10 12:08:50,883 [Worker-110] INFO  o.e.m.c.i.embedder.EclipseLogger - Using 'UTF-8' encoding to copy filtered resources.
2018-04-10 12:08:50,883 [Worker-110] INFO  o.e.m.c.i.embedder.EclipseLogger - skip non existing resourceDirectory D:\workspace\ljp_private\my_tomcat\my_tomcat\src\main\resources
2018-04-10 12:08:50,883 [Worker-110] INFO  o.e.m.c.i.embedder.EclipseLogger - Using 'UTF-8' encoding to copy filtered resources.
2018-04-10 12:08:50,883 [Worker-110] INFO  o.e.m.c.i.embedder.EclipseLogger - skip non existing resourceDirectory D:\workspace\ljp_private\my_tomcat\my_tomcat\src\test\resources
2018-04-10 13:20:16,257 [Worker-127] INFO  o.e.m.c.i.embedder.EclipseLogger - Using 'UTF-8' encoding to copy filtered resources.
2018-04-10 13:20:16,257 [Worker-127] INFO  o.e.m.c.i.embedder.EclipseLogger - skip non existing resourceDirectory D:\workspace\ljp_private\my_tomcat\my_tomcat\src\main\resources
2018-04-10 13:20:16,258 [Worker-127] INFO  o.e.m.c.i.embedder.EclipseLogger - Using 'UTF-8' encoding to copy filtered resources.
2018-04-10 13:20:16,258 [Worker-127] INFO  o.e.m.c.i.embedder.EclipseLogger - skip non existing resourceDirectory D:\workspace\ljp_private\my_tomcat\my_tomcat\src\test\resources
2018-04-10 13:20:42,718 [Worker-136] INFO  o.e.m.c.i.embedder.EclipseLogger - Using 'UTF-8' encoding to copy filtered resources.
2018-04-10 13:20:42,719 [Worker-136] INFO  o.e.m.c.i.embedder.EclipseLogger - skip non existing resourceDirectory D:\workspace\ljp_private\my_tomcat\my_tomcat\src\main\resources
2018-04-10 13:20:42,719 [Worker-136] INFO  o.e.m.c.i.embedder.EclipseLogger - Using 'UTF-8' encoding to copy filtered resources.
2018-04-10 13:20:42,719 [Worker-136] INFO  o.e.m.c.i.embedder.EclipseLogger - skip non existing resourceDirectory D:\workspace\ljp_private\my_tomcat\my_tomcat\src\test\resources
2018-04-10 13:21:20,372 [Worker-139] INFO  o.e.m.c.i.embedder.EclipseLogger - Using 'UTF-8' encoding to copy filtered resources.
2018-04-10 13:21:20,373 [Worker-139] INFO  o.e.m.c.i.embedder.EclipseLogger - skip non existing resourceDirectory D:\workspace\ljp_private\my_tomcat\my_tomcat\src\main\resources
2018-04-10 13:21:20,373 [Worker-139] INFO  o.e.m.c.i.embedder.EclipseLogger - Using 'UTF-8' encoding to copy filtered resources.
2018-04-10 13:21:20,373 [Worker-139] INFO  o.e.m.c.i.embedder.EclipseLogger - skip non existing resourceDirectory D:\workspace\ljp_private\my_tomcat\my_tomcat\src\test\resources
2018-04-10 13:21:25,051 [Worker-142] INFO  o.e.m.c.i.embedder.EclipseLogger - Using 'UTF-8' encoding to copy filtered resources.
2018-04-10 13:21:25,051 [Worker-142] INFO  o.e.m.c.i.embedder.EclipseLogger - skip non existing resourceDirectory D:\workspace\ljp_private\my_tomcat\my_tomcat\src\main\resources
2018-04-10 13:21:25,051 [Worker-142] INFO  o.e.m.c.i.embedder.EclipseLogger - Using 'UTF-8' encoding to copy filtered resources.
2018-04-10 13:21:25,051 [Worker-142] INFO  o.e.m.c.i.embedder.EclipseLogger - skip non existing resourceDirectory D:\workspace\ljp_private\my_tomcat\my_tomcat\src\test\resources
2018-04-10 13:21:38,354 [Worker-136] INFO  o.e.m.c.i.embedder.EclipseLogger - Using 'UTF-8' encoding to copy filtered resources.
2018-04-10 13:21:38,355 [Worker-136] INFO  o.e.m.c.i.embedder.EclipseLogger - skip non existing resourceDirectory D:\workspace\ljp_private\my_tomcat\my_tomcat\src\main\resources
2018-04-10 13:21:38,355 [Worker-136] INFO  o.e.m.c.i.embedder.EclipseLogger - Using 'UTF-8' encoding to copy filtered resources.
2018-04-10 13:21:38,355 [Worker-136] INFO  o.e.m.c.i.embedder.EclipseLogger - skip non existing resourceDirectory D:\workspace\ljp_private\my_tomcat\my_tomcat\src\test\resources
2018-04-10 13:21:51,763 [Worker-127] INFO  o.e.m.c.i.embedder.EclipseLogger - Using 'UTF-8' encoding to copy filtered resources.
2018-04-10 13:21:51,763 [Worker-127] INFO  o.e.m.c.i.embedder.EclipseLogger - skip non existing resourceDirectory D:\workspace\ljp_private\my_tomcat\my_tomcat\src\main\resources
2018-04-10 13:21:51,764 [Worker-127] INFO  o.e.m.c.i.embedder.EclipseLogger - Using 'UTF-8' encoding to copy filtered resources.
2018-04-10 13:21:51,764 [Worker-127] INFO  o.e.m.c.i.embedder.EclipseLogger - skip non existing resourceDirectory D:\workspace\ljp_private\my_tomcat\my_tomcat\src\test\resources
